Using pre-set license
Built from '2020.3/release' branch; Version is '2020.3.1f1 (77a89f25062f) revision 7841951'; Using compiler version '192528614'; Build Type 'Release'
OS: 'Windows 10 Home Single Language; OS build 19041.867; Version 2004; 64bit' Language: 'es' Physical Memory: 15789 MB
BatchMode: 1, IsHumanControllingUs: 0, StartBugReporterOnCrash: 0, Is64bit: 1, IsPro: 0

 COMMAND LINE ARGUMENTS:
C:\Program Files\Unity\Hub\Editor\2020.3.1f1\Editor\Unity.exe
-adb2
-batchMode
-noUpm
-name
AssetImportWorker0
-projectPath
D:/Desarrollos/Unity/Template 3D Endless Runner
-logFile
Logs/AssetImportWorker0.log
-srvPort
60645
Successfully changed project path to: D:/Desarrollos/Unity/Template 3D Endless Runner
D:/Desarrollos/Unity/Template 3D Endless Runner
Using Asset Import Pipeline V2.
Refreshing native plugins compatible for Editor in 26.97 ms, found 0 plugins.
Preloading 0 native plugins for Editor in 0.00 ms.
Initialize engine version: 2020.3.1f1 (77a89f25062f)
[Subsystems] Discovering subsystems at path C:/Program Files/Unity/Hub/Editor/2020.3.1f1/Editor/Data/Resources/UnitySubsystems
[Subsystems] Discovering subsystems at path D:/Desarrollos/Unity/Template 3D Endless Runner/Assets
GfxDevice: creating device client; threaded=0
Direct3D:
    Version:  Direct3D 11.0 [level 11.1]
    Renderer: NVIDIA GeForce GTX 1660 Ti (ID=0x2191)
    Vendor:   
    VRAM:     5991 MB
    Driver:   27.21.14.6192
Initialize mono
Mono path[0] = 'C:/Program Files/Unity/Hub/Editor/2020.3.1f1/Editor/Data/Managed'
Mono path[1] = 'C:/Program Files/Unity/Hub/Editor/2020.3.1f1/Editor/Data/MonoBleedingEdge/lib/mono/unityjit'
Mono config path = 'C:/Program Files/Unity/Hub/Editor/2020.3.1f1/Editor/Data/MonoBleedingEdge/etc'
Using monoOptions --debugger-agent=transport=dt_socket,embedding=1,server=y,suspend=n,address=127.0.0.1:56452
Begin MonoManager ReloadAssembly
Registering precompiled unity dll's ...
Register platform support module: C:/Program Files/Unity/Hub/Editor/2020.3.1f1/Editor/Data/PlaybackEngines/WebGLSupport/UnityEditor.WebGL.Extensions.dll
Register platform support module: C:/Program Files/Unity/Hub/Editor/2020.3.1f1/Editor/Data/PlaybackEngines/WindowsStandaloneSupport/UnityEditor.WindowsStandalone.Extensions.dll
Registered in 0.002373 seconds.
Native extension for WindowsStandalone target not found
Native extension for WebGL target not found
Refreshing native plugins compatible for Editor in 26.70 ms, found 0 plugins.
Preloading 0 native plugins for Editor in 0.00 ms.
Invoked RoslynAnalysisRunner static constructor.
RoslynAnalysisRunner will not be running.
RoslynAnalysisRunner has terminated.
Mono: successfully reloaded assembly
- Completed reload, in  1.650 seconds
Platform modules already initialized, skipping
Registering precompiled user dll's ...
Registered in 0.000680 seconds.
Begin MonoManager ReloadAssembly
Native extension for WindowsStandalone target not found
Native extension for WebGL target not found
Refreshing native plugins compatible for Editor in 0.29 ms, found 0 plugins.
Preloading 0 native plugins for Editor in 0.00 ms.
Invoked RoslynAnalysisRunner static constructor.
RoslynAnalysisRunner will not be running.
RoslynAnalysisRunner has terminated.
Mono: successfully reloaded assembly
- Completed reload, in  0.693 seconds
Platform modules already initialized, skipping
========================================================================
Worker process is ready to serve import requests
Launched and connected shader compiler UnityShaderCompiler.exe after 0.05 seconds
Refreshing native plugins compatible for Editor in 0.29 ms, found 0 plugins.
Preloading 0 native plugins for Editor in 0.00 ms.
Unloading 1243 Unused Serialized files (Serialized files now loaded: 0)
System memory in use before: 69.0 MB.
System memory in use after: 68.7 MB.

Unloading 12 unused Assets to reduce memory usage. Loaded Objects now: 1689.
Total: 3.147000 ms (FindLiveObjects: 0.377900 ms CreateObjectMapping: 0.112400 ms MarkObjects: 2.354800 ms  DeleteObjects: 0.298900 ms)

========================================================================
Received Import Request.
  path: Assets
  artifactKey: Guid(00000000000000001000000000000000) Importer(815301076,1909f56bfc062723c751e8b465ee728b)
Start importing Assets using Guid(00000000000000001000000000000000) Importer(815301076,1909f56bfc062723c751e8b465ee728b)  -> (artifact id: 'a6374019befeac6ce670f13ba9960efb') in 0.165055 seconds
  Import took 0.168111 seconds .

========================================================================
Received Import Request.
  Time since last request: 3.435683 seconds.
  path: Assets/Scripts
  artifactKey: Guid(e32e58ee42954e54fb7de2ad85f840cb) Importer(815301076,1909f56bfc062723c751e8b465ee728b)
Start importing Assets/Scripts using Guid(e32e58ee42954e54fb7de2ad85f840cb) Importer(815301076,1909f56bfc062723c751e8b465ee728b)  -> (artifact id: '0f12524ef05b593e48e173e656d54308') in 0.172826 seconds
  Import took 0.175576 seconds .

========================================================================
Received Import Request.
  Time since last request: 8.496817 seconds.
  path: Assets/Externa lAssets
  artifactKey: Guid(11a7e7280fc233f4d9d6c61c928d310e) Importer(815301076,1909f56bfc062723c751e8b465ee728b)
Start importing Assets/Externa lAssets using Guid(11a7e7280fc233f4d9d6c61c928d310e) Importer(815301076,1909f56bfc062723c751e8b465ee728b)  -> (artifact id: '81a63fc68733ae01ede4b8e99bb4bebc') in 0.133065 seconds
  Import took 0.136289 seconds .

========================================================================
Received Import Request.
  Time since last request: 16.861712 seconds.
  path: Assets/Prefabs
  artifactKey: Guid(878580114d0a7424a85b99107876c7f0) Importer(815301076,1909f56bfc062723c751e8b465ee728b)
Start importing Assets/Prefabs using Guid(878580114d0a7424a85b99107876c7f0) Importer(815301076,1909f56bfc062723c751e8b465ee728b)  -> (artifact id: 'bc3a9e338c476c58ca79e5df9e8687cb') in 0.112845 seconds
  Import took 0.116525 seconds .

========================================================================
Received Prepare
Registering precompiled user dll's ...
Registered in 0.000697 seconds.
Begin MonoManager ReloadAssembly
Native extension for WindowsStandalone target not found
Native extension for WebGL target not found
Refreshing native plugins compatible for Editor in 0.31 ms, found 0 plugins.
Preloading 0 native plugins for Editor in 0.00 ms.
[ScriptCompilation] NOT recompiling all scripts because this is an import worker process. Reason to compile was: Define symbols changed
Invoked RoslynAnalysisRunner static constructor.
RoslynAnalysisRunner will not be running.
RoslynAnalysisRunner has terminated.
Mono: successfully reloaded assembly
- Completed reload, in  0.982 seconds
Platform modules already initialized, skipping
Refreshing native plugins compatible for Editor in 0.30 ms, found 0 plugins.
Preloading 0 native plugins for Editor in 0.00 ms.
Unloading 1219 Unused Serialized files (Serialized files now loaded: 0)
System memory in use before: 67.5 MB.
System memory in use after: 67.2 MB.

Unloading 7 unused Assets to reduce memory usage. Loaded Objects now: 1692.
Total: 2.366600 ms (FindLiveObjects: 0.270800 ms CreateObjectMapping: 0.078000 ms MarkObjects: 1.730000 ms  DeleteObjects: 0.285600 ms)

========================================================================
Received Import Request.
  Time since last request: 151.378373 seconds.
  path: Assets/Audios
  artifactKey: Guid(817591e3551785145902cdfa76b424bf) Importer(815301076,1909f56bfc062723c751e8b465ee728b)
Start importing Assets/Audios using Guid(817591e3551785145902cdfa76b424bf) Importer(815301076,1909f56bfc062723c751e8b465ee728b)  -> (artifact id: 'e4d43460f17564dfab90d036552c219a') in 0.107843 seconds
  Import took 0.111655 seconds .

========================================================================
Received Import Request.
  Time since last request: 7.093003 seconds.
  path: Assets/Animations
  artifactKey: Guid(6c20e0bb8f11ac746a63f9bcd8c153a6) Importer(815301076,1909f56bfc062723c751e8b465ee728b)
Start importing Assets/Animations using Guid(6c20e0bb8f11ac746a63f9bcd8c153a6) Importer(815301076,1909f56bfc062723c751e8b465ee728b)  -> (artifact id: '2bcf0ef0926dca8f618ead03feae4dd5') in 0.103309 seconds
  Import took 0.106555 seconds .

========================================================================
Received Import Request.
  Time since last request: 5.961650 seconds.
  path: Assets/Materials
  artifactKey: Guid(06bbba1d13f29da40b8711e1d0f30e16) Importer(815301076,1909f56bfc062723c751e8b465ee728b)
Start importing Assets/Materials using Guid(06bbba1d13f29da40b8711e1d0f30e16) Importer(815301076,1909f56bfc062723c751e8b465ee728b)  -> (artifact id: '8155576e0b3967d16980f6b22842aa86') in 0.101965 seconds
  Import took 0.105011 seconds .

========================================================================
Received Import Request.
  Time since last request: 928.268524 seconds.
  path: Assets/Externa lAssets/SampleScenes
  artifactKey: Guid(3d8829ac873af27488b1412b8db301ab) Importer(815301076,1909f56bfc062723c751e8b465ee728b)
Start importing Assets/Externa lAssets/SampleScenes using Guid(3d8829ac873af27488b1412b8db301ab) Importer(815301076,1909f56bfc062723c751e8b465ee728b)  -> (artifact id: '2833b161dc8a4868b1704eeef0b4cedd') in 0.131711 seconds
  Import took 0.134580 seconds .

========================================================================
Received Import Request.
  Time since last request: 1.818054 seconds.
  path: Assets/Externa lAssets/SimpleSky
  artifactKey: Guid(81eb3881446e6c6469af998e06690e88) Importer(815301076,1909f56bfc062723c751e8b465ee728b)
Start importing Assets/Externa lAssets/SimpleSky using Guid(81eb3881446e6c6469af998e06690e88) Importer(815301076,1909f56bfc062723c751e8b465ee728b)  -> (artifact id: 'acef78031662000437268940d50fd362') in 0.134900 seconds
  Import took 0.137031 seconds .

========================================================================
Received Import Request.
  Time since last request: 16.390791 seconds.
  path: Assets/Externa lAssets/SimpleSky/_Prefabs
  artifactKey: Guid(814903425b9b18c4e9332678a3e3df91) Importer(815301076,1909f56bfc062723c751e8b465ee728b)
Start importing Assets/Externa lAssets/SimpleSky/_Prefabs using Guid(814903425b9b18c4e9332678a3e3df91) Importer(815301076,1909f56bfc062723c751e8b465ee728b)  -> (artifact id: '85dc8ae1b067d34c5a5c2cb9e0f93268') in 0.118460 seconds
  Import took 0.122107 seconds .

========================================================================
Received Import Request.
  Time since last request: 0.000813 seconds.
  path: Assets/Externa lAssets/SimpleSky/_Prefabs/Cloud_06.prefab
  artifactKey: Guid(c2391e8a6bdf5424194b61e41952a40a) Importer(815301076,1909f56bfc062723c751e8b465ee728b)
Start importing Assets/Externa lAssets/SimpleSky/_Prefabs/Cloud_06.prefab using Guid(c2391e8a6bdf5424194b61e41952a40a) Importer(815301076,1909f56bfc062723c751e8b465ee728b)  -> (artifact id: 'd35cc4180ff66592c1c55e9cf721689a') in 0.361927 seconds
  Import took 0.364165 seconds .

========================================================================
Received Import Request.
  Time since last request: 0.000466 seconds.
  path: Assets/Externa lAssets/SimpleSky/_Prefabs/SkyDome.prefab
  artifactKey: Guid(d0223f77114284b47a0e8b317e71e4dc) Importer(815301076,1909f56bfc062723c751e8b465ee728b)
Start importing Assets/Externa lAssets/SimpleSky/_Prefabs/SkyDome.prefab using Guid(d0223f77114284b47a0e8b317e71e4dc) Importer(815301076,1909f56bfc062723c751e8b465ee728b)  -> (artifact id: '64d421a45dcf7839598f2b367b2b0234') in 0.174931 seconds
  Import took 0.177178 seconds .

========================================================================
Received Import Request.
  Time since last request: 0.000575 seconds.
  path: Assets/Externa lAssets/SimpleSky/_Prefabs/Cloud_01.prefab
  artifactKey: Guid(09062dc0008857b46aaacdb7206f1453) Importer(815301076,1909f56bfc062723c751e8b465ee728b)
Start importing Assets/Externa lAssets/SimpleSky/_Prefabs/Cloud_01.prefab using Guid(09062dc0008857b46aaacdb7206f1453) Importer(815301076,1909f56bfc062723c751e8b465ee728b)  -> (artifact id: '92c8659a4aaeee9ca26188ce3486652a') in 0.219657 seconds
  Import took 0.222395 seconds .

========================================================================
Received Import Request.
  Time since last request: 0.000481 seconds.
  path: Assets/Externa lAssets/SimpleSky/_Prefabs/Cloud_02.prefab
  artifactKey: Guid(73ef0b63ffe19f94ab35e4475b345d70) Importer(815301076,1909f56bfc062723c751e8b465ee728b)
Start importing Assets/Externa lAssets/SimpleSky/_Prefabs/Cloud_02.prefab using Guid(73ef0b63ffe19f94ab35e4475b345d70) Importer(815301076,1909f56bfc062723c751e8b465ee728b)  -> (artifact id: '2b12fd0b86c6dbf5c129cb820ec40221') in 0.218523 seconds
  Import took 0.220704 seconds .

========================================================================
Received Import Request.
  Time since last request: 0.000343 seconds.
  path: Assets/Externa lAssets/SimpleSky/_Prefabs/Cloud_05.prefab
  artifactKey: Guid(c37b1ccfbc7ed274eb99f9d40e72c4e6) Importer(815301076,1909f56bfc062723c751e8b465ee728b)
Start importing Assets/Externa lAssets/SimpleSky/_Prefabs/Cloud_05.prefab using Guid(c37b1ccfbc7ed274eb99f9d40e72c4e6) Importer(815301076,1909f56bfc062723c751e8b465ee728b)  -> (artifact id: '5933e49473976b60cf158436d6d268de') in 0.230829 seconds
  Import took 0.234047 seconds .

========================================================================
Received Import Request.
  Time since last request: 0.000468 seconds.
  path: Assets/Externa lAssets/SimpleSky/_Prefabs/Cloud_04.prefab
  artifactKey: Guid(420bde364644a314396dc8ed24ee99d6) Importer(815301076,1909f56bfc062723c751e8b465ee728b)
Start importing Assets/Externa lAssets/SimpleSky/_Prefabs/Cloud_04.prefab using Guid(420bde364644a314396dc8ed24ee99d6) Importer(815301076,1909f56bfc062723c751e8b465ee728b)  -> (artifact id: '4af8551b9f795d9ddb4ee7de20ce47ab') in 0.173927 seconds
  Import took 0.176369 seconds .

========================================================================
Received Import Request.
  Time since last request: 0.000456 seconds.
  path: Assets/Externa lAssets/SimpleSky/_Prefabs/Cloud_03.prefab
  artifactKey: Guid(2df72ec125264584faa40cb1beef0481) Importer(815301076,1909f56bfc062723c751e8b465ee728b)
Start importing Assets/Externa lAssets/SimpleSky/_Prefabs/Cloud_03.prefab using Guid(2df72ec125264584faa40cb1beef0481) Importer(815301076,1909f56bfc062723c751e8b465ee728b)  -> (artifact id: 'a946d8f3351bee546ba33a70eabb166d') in 0.152655 seconds
  Import took 0.155188 seconds .

========================================================================
Received Import Request.
  Time since last request: 3.202004 seconds.
  path: Assets/Externa lAssets/SimpleSky/_Models
  artifactKey: Guid(dc0885190cb1b624dab35d006e7c9446) Importer(815301076,1909f56bfc062723c751e8b465ee728b)
Start importing Assets/Externa lAssets/SimpleSky/_Models using Guid(dc0885190cb1b624dab35d006e7c9446) Importer(815301076,1909f56bfc062723c751e8b465ee728b)  -> (artifact id: 'a7446c07bd572196dc06948f0f080043') in 0.128320 seconds
  Import took 0.130874 seconds .

========================================================================
Received Import Request.
  Time since last request: 0.000508 seconds.
  path: Assets/Externa lAssets/SimpleSky/_Models/Cloud_01.fbx
  artifactKey: Guid(d6a294bdf7386d64f8c846e5ac334ffa) Importer(815301076,1909f56bfc062723c751e8b465ee728b)
Start importing Assets/Externa lAssets/SimpleSky/_Models/Cloud_01.fbx using Guid(d6a294bdf7386d64f8c846e5ac334ffa) Importer(815301076,1909f56bfc062723c751e8b465ee728b)  -> (artifact id: '726770039cdeaa9b805cd33c187dbcf9') in 0.696502 seconds
  Import took 0.699098 seconds .

========================================================================
Received Import Request.
  Time since last request: 0.000458 seconds.
  path: Assets/Externa lAssets/SimpleSky/_Models/SkyDome.fbx
  artifactKey: Guid(1340630fb7a3267499177be33f281f05) Importer(815301076,1909f56bfc062723c751e8b465ee728b)
Start importing Assets/Externa lAssets/SimpleSky/_Models/SkyDome.fbx using Guid(1340630fb7a3267499177be33f281f05) Importer(815301076,1909f56bfc062723c751e8b465ee728b)  -> (artifact id: 'a8917438ca8e56b4c2c812063de57d2c') in 0.230599 seconds
  Import took 0.232809 seconds .

========================================================================
Received Import Request.
  Time since last request: 0.000550 seconds.
  path: Assets/Externa lAssets/SimpleSky/_Models/Cloud_02.fbx
  artifactKey: Guid(c943ee3841fcbd94d9630c5e4529b603) Importer(815301076,1909f56bfc062723c751e8b465ee728b)
Start importing Assets/Externa lAssets/SimpleSky/_Models/Cloud_02.fbx using Guid(c943ee3841fcbd94d9630c5e4529b603) Importer(815301076,1909f56bfc062723c751e8b465ee728b)  -> (artifact id: '158aef1be942063444d20b3cada95ef6') in 0.219390 seconds
  Import took 0.222079 seconds .

========================================================================
Received Import Request.
  Time since last request: 0.000598 seconds.
  path: Assets/Externa lAssets/SimpleSky/_Models/Cloud_03.fbx
  artifactKey: Guid(1b2c48376dafb734ab58d2226e1b7747) Importer(815301076,1909f56bfc062723c751e8b465ee728b)
Start importing Assets/Externa lAssets/SimpleSky/_Models/Cloud_03.fbx using Guid(1b2c48376dafb734ab58d2226e1b7747) Importer(815301076,1909f56bfc062723c751e8b465ee728b)  -> (artifact id: 'bb8f2be87b5758e67e72b75755976e98') in 0.219194 seconds
  Import took 0.222278 seconds .

========================================================================
Received Import Request.
  Time since last request: 0.000455 seconds.
  path: Assets/Externa lAssets/SimpleSky/_Models/Cloud_05.fbx
  artifactKey: Guid(5d92abef242cfcc4781ac2ae661d8fe8) Importer(815301076,1909f56bfc062723c751e8b465ee728b)
Start importing Assets/Externa lAssets/SimpleSky/_Models/Cloud_05.fbx using Guid(5d92abef242cfcc4781ac2ae661d8fe8) Importer(815301076,1909f56bfc062723c751e8b465ee728b)  -> (artifact id: '2cbe30c05d87268b39a2160fd705411f') in 0.184850 seconds
  Import took 0.187483 seconds .

========================================================================
Received Import Request.
  Time since last request: 0.000457 seconds.
  path: Assets/Externa lAssets/SimpleSky/_Models/Cloud_06.fbx
  artifactKey: Guid(9eee4a1abc7933341a548cf4c5fa26cb) Importer(815301076,1909f56bfc062723c751e8b465ee728b)
Start importing Assets/Externa lAssets/SimpleSky/_Models/Cloud_06.fbx using Guid(9eee4a1abc7933341a548cf4c5fa26cb) Importer(815301076,1909f56bfc062723c751e8b465ee728b)  -> (artifact id: 'd4f2721dcf8ec0b4e9f7f58677ed0b26') in 0.230116 seconds
  Import took 0.232683 seconds .

========================================================================
Received Import Request.
  Time since last request: 0.000460 seconds.
  path: Assets/Externa lAssets/SimpleSky/_Models/Cloud_04.fbx
  artifactKey: Guid(5df7daeab707230409664c66ca47c5ad) Importer(815301076,1909f56bfc062723c751e8b465ee728b)
Start importing Assets/Externa lAssets/SimpleSky/_Models/Cloud_04.fbx using Guid(5df7daeab707230409664c66ca47c5ad) Importer(815301076,1909f56bfc062723c751e8b465ee728b)  -> (artifact id: '048d323a73020d417522b822389ef149') in 0.308155 seconds
  Import took 0.311002 seconds .

========================================================================
Received Import Request.
  Time since last request: 4.231048 seconds.
  path: Assets/Externa lAssets/SimpleSky/_Materials
  artifactKey: Guid(f418e295992c9e64d9579c2136fb9eba) Importer(815301076,1909f56bfc062723c751e8b465ee728b)
Start importing Assets/Externa lAssets/SimpleSky/_Materials using Guid(f418e295992c9e64d9579c2136fb9eba) Importer(815301076,1909f56bfc062723c751e8b465ee728b)  -> (artifact id: '5e7d2b2884638952ccbad2b611e2bec6') in 0.176532 seconds
  Import took 0.179822 seconds .

========================================================================
Received Import Request.
  Time since last request: 0.000405 seconds.
  path: Assets/Externa lAssets/SimpleSky/_Materials/SimpleSky.mat
  artifactKey: Guid(e68f77e240a7f8643b5cc4253dc37516) Importer(815301076,1909f56bfc062723c751e8b465ee728b)
Start importing Assets/Externa lAssets/SimpleSky/_Materials/SimpleSky.mat using Guid(e68f77e240a7f8643b5cc4253dc37516) Importer(815301076,1909f56bfc062723c751e8b465ee728b)  -> (artifact id: '45267502e13956f0f4ce9be98f7847e6') in 0.252439 seconds
  Import took 0.255123 seconds .

========================================================================
Received Import Request.
  Time since last request: 9.618791 seconds.
  path: Assets/Externa lAssets/SimpleSky/_Textures
  artifactKey: Guid(44ef7a78f88fb074390a8babb900068f) Importer(815301076,1909f56bfc062723c751e8b465ee728b)
Start importing Assets/Externa lAssets/SimpleSky/_Textures using Guid(44ef7a78f88fb074390a8babb900068f) Importer(815301076,1909f56bfc062723c751e8b465ee728b)  -> (artifact id: 'ca2ea32184f362b24ad308e8cd4e8705') in 0.222833 seconds
  Import took 0.225881 seconds .

========================================================================
Received Import Request.
  Time since last request: 0.000451 seconds.
  path: Assets/Externa lAssets/SimpleSky/_Textures/SimpleSky.png
  artifactKey: Guid(7bab9ac1487e10c40b9ed77d4c551e04) Importer(815301076,1909f56bfc062723c751e8b465ee728b)
Start importing Assets/Externa lAssets/SimpleSky/_Textures/SimpleSky.png using Guid(7bab9ac1487e10c40b9ed77d4c551e04) Importer(815301076,1909f56bfc062723c751e8b465ee728b)  -> (artifact id: 'd5be433851783ab92fce20be98afc343') in 0.229708 seconds
  Import took 0.231997 seconds .

========================================================================
Received Import Request.
  Time since last request: 2.013491 seconds.
  path: Assets/Externa lAssets/PolygonStarter
  artifactKey: Guid(af967d1631f41394ab3a06b388b5fc4a) Importer(815301076,1909f56bfc062723c751e8b465ee728b)
Start importing Assets/Externa lAssets/PolygonStarter using Guid(af967d1631f41394ab3a06b388b5fc4a) Importer(815301076,1909f56bfc062723c751e8b465ee728b)  -> (artifact id: '3d8d3d73e2ba570389edb52af283ba86') in 0.206543 seconds
  Import took 0.208913 seconds .

========================================================================
Received Import Request.
  Time since last request: 3.807468 seconds.
  path: Assets/Externa lAssets/SimpleSky/_Demo
  artifactKey: Guid(db683896542da8d4ab6930e999027345) Importer(815301076,1909f56bfc062723c751e8b465ee728b)
Start importing Assets/Externa lAssets/SimpleSky/_Demo using Guid(db683896542da8d4ab6930e999027345) Importer(815301076,1909f56bfc062723c751e8b465ee728b)  -> (artifact id: '4df6211055556892018bd2eef6e16c7c') in 0.200484 seconds
  Import took 0.204028 seconds .

========================================================================
Received Import Request.
  Time since last request: 1.116314 seconds.
  path: Assets/Externa lAssets/SimpleSky/_Demo/SimpleSky_Demo.unity
  artifactKey: Guid(3e3c2fd638fedb74b80ab284a7e4267e) Importer(815301076,1909f56bfc062723c751e8b465ee728b)
Start importing Assets/Externa lAssets/SimpleSky/_Demo/SimpleSky_Demo.unity using Guid(3e3c2fd638fedb74b80ab284a7e4267e) Importer(815301076,1909f56bfc062723c751e8b465ee728b)  -> (artifact id: '502dadd7e0da054991c26e2d3c00ebf5') in 0.180812 seconds
  Import took 0.184170 seconds .

========================================================================
Received Import Request.
  Time since last request: 68.318573 seconds.
  path: Assets/Scenes/SampleScene.unity
  artifactKey: Guid(9fc0d4010bbf28b4594072e72b8655ab) Importer(815301076,1909f56bfc062723c751e8b465ee728b)
Start importing Assets/Scenes/SampleScene.unity using Guid(9fc0d4010bbf28b4594072e72b8655ab) Importer(815301076,1909f56bfc062723c751e8b465ee728b)  -> (artifact id: '9a0c7bd3eade52b464e03a3fa19ccb01') in 0.144853 seconds
  Import took 0.147982 seconds .

========================================================================
Received Import Request.
  Time since last request: 3.996334 seconds.
  path: Assets/Scenes/SandBox.unity
  artifactKey: Guid(2cea0cdfbc185de43901019c2139cc98) Importer(815301076,1909f56bfc062723c751e8b465ee728b)
Start importing Assets/Scenes/SandBox.unity using Guid(2cea0cdfbc185de43901019c2139cc98) Importer(815301076,1909f56bfc062723c751e8b465ee728b)  -> (artifact id: 'd13b69905b212a7f9ca3361ca6e2ba7c') in 0.111632 seconds
  Import took 0.114163 seconds .

========================================================================
Received Import Request.
  Time since last request: 24.346378 seconds.
  path: Assets/Externa lAssets/SimpleTownLite
  artifactKey: Guid(3d86f67d523602c49bb4fe2f04ce5ac5) Importer(815301076,1909f56bfc062723c751e8b465ee728b)
Start importing Assets/Externa lAssets/SimpleTownLite using Guid(3d86f67d523602c49bb4fe2f04ce5ac5) Importer(815301076,1909f56bfc062723c751e8b465ee728b)  -> (artifact id: 'a979ee2f9d9a6f79c01151e6c44523f0') in 0.162352 seconds
  Import took 0.165224 seconds .

========================================================================
Received Import Request.
  Time since last request: 4.176418 seconds.
  path: Assets/Externa lAssets/PolygonStarter/Prefabs
  artifactKey: Guid(4a76af20b1decd340896c06c996c2044) Importer(815301076,1909f56bfc062723c751e8b465ee728b)
Start importing Assets/Externa lAssets/PolygonStarter/Prefabs using Guid(4a76af20b1decd340896c06c996c2044) Importer(815301076,1909f56bfc062723c751e8b465ee728b)  -> (artifact id: '6a5f2bc8be756d70d88684513382ae68') in 0.142525 seconds
  Import took 0.145661 seconds .

========================================================================
Received Import Request.
  Time since last request: 0.000391 seconds.
  path: Assets/Externa lAssets/PolygonStarter/Prefabs/SM_Generic_Mountains_Grass_02.prefab
  artifactKey: Guid(d2201b576d0da384fb8f681e57559ea8) Importer(815301076,1909f56bfc062723c751e8b465ee728b)
Start importing Assets/Externa lAssets/PolygonStarter/Prefabs/SM_Generic_Mountains_Grass_02.prefab using Guid(d2201b576d0da384fb8f681e57559ea8) Importer(815301076,1909f56bfc062723c751e8b465ee728b)  -> (artifact id: 'c42733223553955ac8276e6ff5d6c790') in 0.152009 seconds
  Import took 0.154803 seconds .

========================================================================
Received Import Request.
  Time since last request: 0.000397 seconds.
  path: Assets/Externa lAssets/PolygonStarter/Prefabs/SM_PolygonApocalypse_Bld_House_01.prefab
  artifactKey: Guid(09135c03210603f42b4207ff66b56781) Importer(815301076,1909f56bfc062723c751e8b465ee728b)
Start importing Assets/Externa lAssets/PolygonStarter/Prefabs/SM_PolygonApocalypse_Bld_House_01.prefab using Guid(09135c03210603f42b4207ff66b56781) Importer(815301076,1909f56bfc062723c751e8b465ee728b)  -> (artifact id: 'c6e1df48d4a72fcb6dc42bd46aeb2684') in 0.163435 seconds
  Import took 0.166800 seconds .

========================================================================
Received Import Request.
  Time since last request: 0.000406 seconds.
  path: Assets/Externa lAssets/PolygonStarter/Prefabs/SM_PolygonPrototype_Buildings_WallDoor_2x3_01P.prefab
  artifactKey: Guid(dc7c84106cc461e4f8dac748879dbe72) Importer(815301076,1909f56bfc062723c751e8b465ee728b)
Start importing Assets/Externa lAssets/PolygonStarter/Prefabs/SM_PolygonPrototype_Buildings_WallDoor_2x3_01P.prefab using Guid(dc7c84106cc461e4f8dac748879dbe72) Importer(815301076,1909f56bfc062723c751e8b465ee728b)  -> (artifact id: 'f2f002539bdc63503790f218236e9637') in 0.218317 seconds
  Import took 0.221627 seconds .

========================================================================
Received Import Request.
  Time since last request: 0.000620 seconds.
  path: Assets/Externa lAssets/PolygonStarter/Prefabs/SM_PolygonPrototype_Buildings_Column_2x3_01P.prefab
  artifactKey: Guid(a2e435ea5b0f606429670d1f3f1f1504) Importer(815301076,1909f56bfc062723c751e8b465ee728b)
Start importing Assets/Externa lAssets/PolygonStarter/Prefabs/SM_PolygonPrototype_Buildings_Column_2x3_01P.prefab using Guid(a2e435ea5b0f606429670d1f3f1f1504) Importer(815301076,1909f56bfc062723c751e8b465ee728b)  -> (artifact id: '13aa482cce005fe11b0f0417650446a0') in 0.240411 seconds
  Import took 0.243313 seconds .

========================================================================
Received Import Request.
  Time since last request: 0.000424 seconds.
  path: Assets/Externa lAssets/PolygonStarter/Prefabs/SM_Generic_Ground_03.prefab
  artifactKey: Guid(03b298e339be8c8428fc06f3fc1d627a) Importer(815301076,1909f56bfc062723c751e8b465ee728b)
Start importing Assets/Externa lAssets/PolygonStarter/Prefabs/SM_Generic_Ground_03.prefab using Guid(03b298e339be8c8428fc06f3fc1d627a) Importer(815301076,1909f56bfc062723c751e8b465ee728b)  -> (artifact id: 'b304d7ef6da6f60e9f08e46b4d24f1dc') in 0.207794 seconds
  Import took 0.210108 seconds .

========================================================================
Received Import Request.
  Time since last request: 0.000404 seconds.
  path: Assets/Externa lAssets/PolygonStarter/Prefabs/SM_Generic_Small_Rocks_01.prefab
  artifactKey: Guid(39dfb394e864da84db3b1c7e8f517888) Importer(815301076,1909f56bfc062723c751e8b465ee728b)
Start importing Assets/Externa lAssets/PolygonStarter/Prefabs/SM_Generic_Small_Rocks_01.prefab using Guid(39dfb394e864da84db3b1c7e8f517888) Importer(815301076,1909f56bfc062723c751e8b465ee728b)  -> (artifact id: 'b762c2d8cc87a34244c2b549d0a2955c') in 0.186535 seconds
  Import took 0.189145 seconds .

========================================================================
Received Import Request.
  Time since last request: 0.000385 seconds.
  path: Assets/Externa lAssets/PolygonStarter/Prefabs/SM_Generic_Small_Rocks_05.prefab
  artifactKey: Guid(9c5ad4629ea7af7448f90e61ae1ea78d) Importer(815301076,1909f56bfc062723c751e8b465ee728b)
Start importing Assets/Externa lAssets/PolygonStarter/Prefabs/SM_Generic_Small_Rocks_05.prefab using Guid(9c5ad4629ea7af7448f90e61ae1ea78d) Importer(815301076,1909f56bfc062723c751e8b465ee728b)  -> (artifact id: '702452869190b2ac77a3551f249f0521') in 0.285194 seconds
  Import took 0.288435 seconds .

========================================================================
Received Import Request.
  Time since last request: 0.000396 seconds.
  path: Assets/Externa lAssets/PolygonStarter/Prefabs/SM_PolygonPrototype_Icon_Coin_01.prefab
  artifactKey: Guid(160a6121b4d25254da31bdab63ad82b7) Importer(815301076,1909f56bfc062723c751e8b465ee728b)
Start importing Assets/Externa lAssets/PolygonStarter/Prefabs/SM_PolygonPrototype_Icon_Coin_01.prefab using Guid(160a6121b4d25254da31bdab63ad82b7) Importer(815301076,1909f56bfc062723c751e8b465ee728b)  -> (artifact id: '2004030c9ac8e01a9a3e3c53a93c6b6e') in 0.162924 seconds
  Import took 0.165617 seconds .

========================================================================
Received Import Request.
  Time since last request: 0.000397 seconds.
  path: Assets/Externa lAssets/PolygonStarter/Prefabs/SM_Generic_Ground_02.prefab
  artifactKey: Guid(2bd56128040193346a96ac4ec4bfa455) Importer(815301076,1909f56bfc062723c751e8b465ee728b)
Start importing Assets/Externa lAssets/PolygonStarter/Prefabs/SM_Generic_Ground_02.prefab using Guid(2bd56128040193346a96ac4ec4bfa455) Importer(815301076,1909f56bfc062723c751e8b465ee728b)  -> (artifact id: '276714fffa31bd3338b9feb02fc01a70') in 0.152365 seconds
  Import took 0.155563 seconds .

========================================================================
Received Import Request.
  Time since last request: 0.000399 seconds.
  path: Assets/Externa lAssets/PolygonStarter/Prefabs/SM_PolygonPrototype_Buildings_Ramp_25_1x1_01P.prefab
  artifactKey: Guid(35b4129ac994d4e49a7699deb68ac65b) Importer(815301076,1909f56bfc062723c751e8b465ee728b)
Start importing Assets/Externa lAssets/PolygonStarter/Prefabs/SM_PolygonPrototype_Buildings_Ramp_25_1x1_01P.prefab using Guid(35b4129ac994d4e49a7699deb68ac65b) Importer(815301076,1909f56bfc062723c751e8b465ee728b)  -> (artifact id: '700afba008b21282c9bc2914e48b6912') in 0.151844 seconds
  Import took 0.154531 seconds .

========================================================================
Received Import Request.
  Time since last request: 0.000386 seconds.
  path: Assets/Externa lAssets/PolygonStarter/Prefabs/SM_Generic_Tree_04.prefab
  artifactKey: Guid(777f53d3993533d4184fa410d0cdfae7) Importer(815301076,1909f56bfc062723c751e8b465ee728b)
Start importing Assets/Externa lAssets/PolygonStarter/Prefabs/SM_Generic_Tree_04.prefab using Guid(777f53d3993533d4184fa410d0cdfae7) Importer(815301076,1909f56bfc062723c751e8b465ee728b)  -> (artifact id: '861b47fbdb53b03dd956b1f8ca18ba36') in 0.163617 seconds
  Import took 0.165926 seconds .

========================================================================
Received Import Request.
  Time since last request: 0.000498 seconds.
  path: Assets/Externa lAssets/PolygonStarter/Prefabs/SM_Generic_CloudRing_01.prefab
  artifactKey: Guid(280053154239720458c4b6093bfea66a) Importer(815301076,1909f56bfc062723c751e8b465ee728b)
Start importing Assets/Externa lAssets/PolygonStarter/Prefabs/SM_Generic_CloudRing_01.prefab using Guid(280053154239720458c4b6093bfea66a) Importer(815301076,1909f56bfc062723c751e8b465ee728b)  -> (artifact id: '774b32d6983a2668a50c94d2a7297558') in 0.174812 seconds
  Import took 0.177612 seconds .

========================================================================
Received Import Request.
  Time since last request: 0.000483 seconds.
  path: Assets/Externa lAssets/PolygonStarter/Prefabs/SM_PolygonPrototype_Buildings_Stairs_1x3_01P.prefab
  artifactKey: Guid(d3f65bf385a3c3847ab550b32f3e53e8) Importer(815301076,1909f56bfc062723c751e8b465ee728b)
Start importing Assets/Externa lAssets/PolygonStarter/Prefabs/SM_PolygonPrototype_Buildings_Stairs_1x3_01P.prefab using Guid(d3f65bf385a3c3847ab550b32f3e53e8) Importer(815301076,1909f56bfc062723c751e8b465ee728b)  -> (artifact id: '119a06e69b5c011f3ca91782e87adbc9') in 0.207315 seconds
  Import took 0.210264 seconds .

========================================================================
Received Import Request.
  Time since last request: 0.000385 seconds.
  path: Assets/Externa lAssets/PolygonStarter/Prefabs/SM_Generic_Tree_03.prefab
  artifactKey: Guid(56edbd376562e9544ab88753fd3c4682) Importer(815301076,1909f56bfc062723c751e8b465ee728b)
Start importing Assets/Externa lAssets/PolygonStarter/Prefabs/SM_Generic_Tree_03.prefab using Guid(56edbd376562e9544ab88753fd3c4682) Importer(815301076,1909f56bfc062723c751e8b465ee728b)  -> (artifact id: 'de53d7960180c0bf0549f956443e7166') in 0.174499 seconds
  Import took 0.177572 seconds .

========================================================================
Received Import Request.
  Time since last request: 0.000391 seconds.
  path: Assets/Externa lAssets/PolygonStarter/Prefabs/SM_Generic_Small_Rocks_03.prefab
  artifactKey: Guid(7f14e8833dc154b44b20de9e6f911ca0) Importer(815301076,1909f56bfc062723c751e8b465ee728b)
Start importing Assets/Externa lAssets/PolygonStarter/Prefabs/SM_Generic_Small_Rocks_03.prefab using Guid(7f14e8833dc154b44b20de9e6f911ca0) Importer(815301076,1909f56bfc062723c751e8b465ee728b)  -> (artifact id: '49d6f75f8fb5754ef168eae02efd60d4') in 0.151874 seconds
  Import took 0.155018 seconds .

========================================================================
Received Import Request.
  Time since last request: 0.000390 seconds.
  path: Assets/Externa lAssets/PolygonStarter/Prefabs/SM_PolygonPrototype_Buildings_Block_1x1_01P.prefab
  artifactKey: Guid(bbc12ae2f967ec04e8c3c39eeb92733b) Importer(815301076,1909f56bfc062723c751e8b465ee728b)
Start importing Assets/Externa lAssets/PolygonStarter/Prefabs/SM_PolygonPrototype_Buildings_Block_1x1_01P.prefab using Guid(bbc12ae2f967ec04e8c3c39eeb92733b) Importer(815301076,1909f56bfc062723c751e8b465ee728b)  -> (artifact id: 'd398d9b81a2640948b87951ceea9da9e') in 0.207483 seconds
  Import took 0.210703 seconds .

========================================================================
Received Import Request.
  Time since last request: 0.000397 seconds.
  path: Assets/Externa lAssets/PolygonStarter/Prefabs/SM_Generic_TreeStump_01.prefab
  artifactKey: Guid(e865a10713e46984aba70d89a679e42f) Importer(815301076,1909f56bfc062723c751e8b465ee728b)
Start importing Assets/Externa lAssets/PolygonStarter/Prefabs/SM_Generic_TreeStump_01.prefab using Guid(e865a10713e46984aba70d89a679e42f) Importer(815301076,1909f56bfc062723c751e8b465ee728b)  -> (artifact id: '0236e5c14194ee432b91b9e410165184') in 0.196218 seconds
  Import took 0.199007 seconds .

========================================================================
Received Import Request.
  Time since last request: 0.000387 seconds.
  path: Assets/Externa lAssets/PolygonStarter/Prefabs/SM_PolygonPrototype_Buildings_Floor_1x1_01P.prefab
  artifactKey: Guid(af1ac26269830d347859c2c45ef72494) Importer(815301076,1909f56bfc062723c751e8b465ee728b)
Start importing Assets/Externa lAssets/PolygonStarter/Prefabs/SM_PolygonPrototype_Buildings_Floor_1x1_01P.prefab using Guid(af1ac26269830d347859c2c45ef72494) Importer(815301076,1909f56bfc062723c751e8b465ee728b)  -> (artifact id: '4774e06f4c7ac4600ba2926ada5f11cc') in 0.163531 seconds
  Import took 0.166093 seconds .

========================================================================
Received Import Request.
  Time since last request: 0.000467 seconds.
  path: Assets/Externa lAssets/PolygonStarter/Prefabs/SM_PolygonPrototype_Buildings_WallWindow_2x3_01P.prefab
  artifactKey: Guid(c65338a0f30f41c4681e41312190273d) Importer(815301076,1909f56bfc062723c751e8b465ee728b)
Start importing Assets/Externa lAssets/PolygonStarter/Prefabs/SM_PolygonPrototype_Buildings_WallWindow_2x3_01P.prefab using Guid(c65338a0f30f41c4681e41312190273d) Importer(815301076,1909f56bfc062723c751e8b465ee728b)  -> (artifact id: '1d2a3872b5d6beb9fdae3f469cf2a95f') in 0.152369 seconds
  Import took 0.155016 seconds .

========================================================================
Received Import Request.
  Time since last request: 0.000398 seconds.
  path: Assets/Externa lAssets/PolygonStarter/Prefabs/SM_PolygonPrototype_Icon_Arrow_Small_01.prefab
  artifactKey: Guid(f0371e756e6017b4c84e42073506be40) Importer(815301076,1909f56bfc062723c751e8b465ee728b)
Start importing Assets/Externa lAssets/PolygonStarter/Prefabs/SM_PolygonPrototype_Icon_Arrow_Small_01.prefab using Guid(f0371e756e6017b4c84e42073506be40) Importer(815301076,1909f56bfc062723c751e8b465ee728b)  -> (artifact id: '68cce6d18a6ca7a173243c24c05cadb9') in 0.363389 seconds
  Import took 0.366226 seconds .

========================================================================
Received Import Request.
  Time since last request: 0.000419 seconds.
  path: Assets/Externa lAssets/PolygonStarter/Prefabs/SM_Generic_Tree_02.prefab
  artifactKey: Guid(1ce022d65e1e7b84d9e5ae4a479c39ba) Importer(815301076,1909f56bfc062723c751e8b465ee728b)
Start importing Assets/Externa lAssets/PolygonStarter/Prefabs/SM_Generic_Tree_02.prefab using Guid(1ce022d65e1e7b84d9e5ae4a479c39ba) Importer(815301076,1909f56bfc062723c751e8b465ee728b)  -> (artifact id: 'b80077a0492e86a4a8f66e5c0bd4c213') in 0.941131 seconds
  Import took 0.944572 seconds .

========================================================================
Received Import Request.
  Time since last request: 0.000323 seconds.
  path: Assets/Externa lAssets/PolygonStarter/Prefabs/SM_Prop_Plane_Ring_01.prefab
  artifactKey: Guid(bc59902fe8272d54da1ae082ff755757) Importer(815301076,1909f56bfc062723c751e8b465ee728b)
Start importing Assets/Externa lAssets/PolygonStarter/Prefabs/SM_Prop_Plane_Ring_01.prefab using Guid(bc59902fe8272d54da1ae082ff755757) Importer(815301076,1909f56bfc062723c751e8b465ee728b)  -> (artifact id: 'fe4b9cf5fcdff25c558703689fea14fe') in 0.562904 seconds
  Import took 0.565471 seconds .

========================================================================
Received Import Request.
  Time since last request: 0.000383 seconds.
  path: Assets/Externa lAssets/PolygonStarter/Prefabs/SM_PolygonPrototype_Primitive_Sphere_01P.prefab
  artifactKey: Guid(296b6c6ad62626c48aef7fa6c5e2a9a8) Importer(815301076,1909f56bfc062723c751e8b465ee728b)
Start importing Assets/Externa lAssets/PolygonStarter/Prefabs/SM_PolygonPrototype_Primitive_Sphere_01P.prefab using Guid(296b6c6ad62626c48aef7fa6c5e2a9a8) Importer(815301076,1909f56bfc062723c751e8b465ee728b)  -> (artifact id: '022e1231287a9f54b9ee4d241f878b56') in 0.241305 seconds
  Import took 0.243823 seconds .

========================================================================
Received Import Request.
  Time since last request: 0.000520 seconds.
  path: Assets/Externa lAssets/PolygonStarter/Prefabs/SM_PolygonPrototype_Primitive_Cylander_01P.prefab
  artifactKey: Guid(4ec4cfadebd96154690192fbd49e28b8) Importer(815301076,1909f56bfc062723c751e8b465ee728b)
Start importing Assets/Externa lAssets/PolygonStarter/Prefabs/SM_PolygonPrototype_Primitive_Cylander_01P.prefab using Guid(4ec4cfadebd96154690192fbd49e28b8) Importer(815301076,1909f56bfc062723c751e8b465ee728b)  -> (artifact id: 'f6d18e779ce6f38d896415bd0fedcd9e') in 0.263763 seconds
  Import took 0.266665 seconds .

========================================================================
Received Import Request.
  Time since last request: 0.000395 seconds.
  path: Assets/Externa lAssets/PolygonStarter/Prefabs/SM_PolygonPrototype_Prop_Cone_01.prefab
  artifactKey: Guid(37e681eb08549004c9d9c2be529cbf54) Importer(815301076,1909f56bfc062723c751e8b465ee728b)
Start importing Assets/Externa lAssets/PolygonStarter/Prefabs/SM_PolygonPrototype_Prop_Cone_01.prefab using Guid(37e681eb08549004c9d9c2be529cbf54) Importer(815301076,1909f56bfc062723c751e8b465ee728b)  -> (artifact id: 'ed0177ae1a6d35c05191ec282d806de8') in 0.274079 seconds
  Import took 0.277305 seconds .

========================================================================
Received Import Request.
  Time since last request: 0.000400 seconds.
  path: Assets/Externa lAssets/PolygonStarter/Prefabs/SM_PolygonPrototype_Prop_Target_03.prefab
  artifactKey: Guid(e0d3f8289f60e1e49a5d66d5eb8582f3) Importer(815301076,1909f56bfc062723c751e8b465ee728b)
Start importing Assets/Externa lAssets/PolygonStarter/Prefabs/SM_PolygonPrototype_Prop_Target_03.prefab using Guid(e0d3f8289f60e1e49a5d66d5eb8582f3) Importer(815301076,1909f56bfc062723c751e8b465ee728b)  -> (artifact id: '4aee54edcfde3d6561f9c94bd96dbc94') in 0.374036 seconds
  Import took 0.377293 seconds .

========================================================================
Received Import Request.
  Time since last request: 0.000525 seconds.
  path: Assets/Externa lAssets/PolygonStarter/Prefabs/SM_Veh_Plane_Stunt_01.prefab
  artifactKey: Guid(bbea6872df405a045862b0d1f277c5ac) Importer(815301076,1909f56bfc062723c751e8b465ee728b)
Start importing Assets/Externa lAssets/PolygonStarter/Prefabs/SM_Veh_Plane_Stunt_01.prefab using Guid(bbea6872df405a045862b0d1f277c5ac) Importer(815301076,1909f56bfc062723c751e8b465ee728b)  -> (artifact id: '2eabee46b7f635a38122ae805a4a2c6d') in 1.051333 seconds
  Import took 1.054488 seconds .

========================================================================
Received Import Request.
  Time since last request: 0.000478 seconds.
  path: Assets/Externa lAssets/PolygonStarter/Prefabs/SM_PolygonPrototype_Prop_Crate_03.prefab
  artifactKey: Guid(5527826a6315a224d850675a730c4f62) Importer(815301076,1909f56bfc062723c751e8b465ee728b)
Start importing Assets/Externa lAssets/PolygonStarter/Prefabs/SM_PolygonPrototype_Prop_Crate_03.prefab using Guid(5527826a6315a224d850675a730c4f62) Importer(815301076,1909f56bfc062723c751e8b465ee728b)  -> (artifact id: '82103f53c1c54a6b0deca0183d50a1fa') in 0.430653 seconds
  Import took 0.433192 seconds .

========================================================================
Received Import Request.
  Time since last request: 0.000305 seconds.
  path: Assets/Externa lAssets/PolygonStarter/Prefabs/SM_Wep_Watergun_01.prefab
  artifactKey: Guid(f528363d2aaa5d748ab9fcd16b601236) Importer(815301076,1909f56bfc062723c751e8b465ee728b)
Start importing Assets/Externa lAssets/PolygonStarter/Prefabs/SM_Wep_Watergun_01.prefab using Guid(f528363d2aaa5d748ab9fcd16b601236) Importer(815301076,1909f56bfc062723c751e8b465ee728b)  -> (artifact id: '376a30fbf4487098ef3701446c0f9565') in 0.226773 seconds
  Import took 0.229669 seconds .

========================================================================
Received Import Request.
  Time since last request: 0.000396 seconds.
  path: Assets/Externa lAssets/PolygonStarter/Prefabs/SM_Generic_Ground_01.prefab
  artifactKey: Guid(fb0131aa61eef7c4d95b2efaf17614ec) Importer(815301076,1909f56bfc062723c751e8b465ee728b)
Start importing Assets/Externa lAssets/PolygonStarter/Prefabs/SM_Generic_Ground_01.prefab using Guid(fb0131aa61eef7c4d95b2efaf17614ec) Importer(815301076,1909f56bfc062723c751e8b465ee728b)  -> (artifact id: '6ef1f8961f23d9bd3b4a98f2d48f2232') in 0.255006 seconds
  Import took 0.257754 seconds .

========================================================================
Received Import Request.
  Time since last request: 0.000395 seconds.
  path: Assets/Externa lAssets/PolygonStarter/Prefabs/SM_Generic_Tree_01.prefab
  artifactKey: Guid(ab36f4e752fd5d74d8e9f8f24c8864f2) Importer(815301076,1909f56bfc062723c751e8b465ee728b)
Start importing Assets/Externa lAssets/PolygonStarter/Prefabs/SM_Generic_Tree_01.prefab using Guid(ab36f4e752fd5d74d8e9f8f24c8864f2) Importer(815301076,1909f56bfc062723c751e8b465ee728b)  -> (artifact id: '02702b6c16e723a78ab2cb6862b9bc3b') in 0.263510 seconds
  Import took 0.266163 seconds .

========================================================================
Received Import Request.
  Time since last request: 0.000397 seconds.
  path: Assets/Externa lAssets/PolygonStarter/Prefabs/SM_Generic_Ground_Flat_01.prefab
  artifactKey: Guid(e484c7ad7b1274b4c847940d3eb54d14) Importer(815301076,1909f56bfc062723c751e8b465ee728b)
Start importing Assets/Externa lAssets/PolygonStarter/Prefabs/SM_Generic_Ground_Flat_01.prefab using Guid(e484c7ad7b1274b4c847940d3eb54d14) Importer(815301076,1909f56bfc062723c751e8b465ee728b)  -> (artifact id: '92f92a3bd90143276aa90f81c30aca49') in 0.252519 seconds
  Import took 0.255518 seconds .

========================================================================
Received Import Request.
  Time since last request: 0.000396 seconds.
  path: Assets/Externa lAssets/PolygonStarter/Prefabs/SM_PolygonPrototype_Primitive_Cone_01P.prefab
  artifactKey: Guid(917b3e362cb87ec4c9f396c33a955af2) Importer(815301076,1909f56bfc062723c751e8b465ee728b)
Start importing Assets/Externa lAssets/PolygonStarter/Prefabs/SM_PolygonPrototype_Primitive_Cone_01P.prefab using Guid(917b3e362cb87ec4c9f396c33a955af2) Importer(815301076,1909f56bfc062723c751e8b465ee728b)  -> (artifact id: '2ad265cd1dfab881176cb9d0b457b938') in 0.803549 seconds
  Import took 0.807361 seconds .

========================================================================
Received Import Request.
  Time since last request: 0.000402 seconds.
  path: Assets/Externa lAssets/PolygonStarter/Prefabs/SM_PolygonCity_Veh_Car_Small_01.prefab
  artifactKey: Guid(d6e2601c4f144db459adb4f5e7affc65) Importer(815301076,1909f56bfc062723c751e8b465ee728b)
Start importing Assets/Externa lAssets/PolygonStarter/Prefabs/SM_PolygonCity_Veh_Car_Small_01.prefab using Guid(d6e2601c4f144db459adb4f5e7affc65) Importer(815301076,1909f56bfc062723c751e8b465ee728b)  -> (artifact id: '0fe91d4cf44575dceeca0ea35a435255') in 0.255356 seconds
  Import took 0.258122 seconds .

========================================================================
Received Import Request.
  Time since last request: 0.000397 seconds.
  path: Assets/Externa lAssets/PolygonStarter/Prefabs/SM_SimpleSky_Dome_01.prefab
  artifactKey: Guid(139b3e971e6648b459617b164e32d96d) Importer(815301076,1909f56bfc062723c751e8b465ee728b)
Start importing Assets/Externa lAssets/PolygonStarter/Prefabs/SM_SimpleSky_Dome_01.prefab using Guid(139b3e971e6648b459617b164e32d96d) Importer(815301076,1909f56bfc062723c751e8b465ee728b)  -> (artifact id: '42b475fd58ee42386a405ea82368432c') in 0.263606 seconds
  Import took 0.266645 seconds .

========================================================================
Received Import Request.
  Time since last request: 0.000398 seconds.
  path: Assets/Externa lAssets/PolygonStarter/Prefabs/SM_PolygonPrototype_Buildings_DoorFrame_01P.prefab
  artifactKey: Guid(4a0ab548b1b39cf4b8b48726d5f4fbfe) Importer(815301076,1909f56bfc062723c751e8b465ee728b)
Start importing Assets/Externa lAssets/PolygonStarter/Prefabs/SM_PolygonPrototype_Buildings_DoorFrame_01P.prefab using Guid(4a0ab548b1b39cf4b8b48726d5f4fbfe) Importer(815301076,1909f56bfc062723c751e8b465ee728b)  -> (artifact id: 'b433464b49868a7de07e885b8a5d0e8a') in 0.718270 seconds
  Import took 0.721391 seconds .

========================================================================
Received Import Request.
  Time since last request: 0.000719 seconds.
  path: Assets/Externa lAssets/PolygonStarter/Prefabs/SM_Generic_Ground_04.prefab
  artifactKey: Guid(6cf950e757e075945b307868fc3bd60e) Importer(815301076,1909f56bfc062723c751e8b465ee728b)
Start importing Assets/Externa lAssets/PolygonStarter/Prefabs/SM_Generic_Ground_04.prefab using Guid(6cf950e757e075945b307868fc3bd60e) Importer(815301076,1909f56bfc062723c751e8b465ee728b)  -> (artifact id: 'f8ef130beab53e538246306bb1e23290') in 0.240088 seconds
  Import took 0.242705 seconds .

========================================================================
Received Import Request.
  Time since last request: 0.000398 seconds.
  path: Assets/Externa lAssets/PolygonStarter/Prefabs/SM_Generic_Small_Rocks_04.prefab
  artifactKey: Guid(097c26aede8f73e41a32d546bd00e97f) Importer(815301076,1909f56bfc062723c751e8b465ee728b)
Start importing Assets/Externa lAssets/PolygonStarter/Prefabs/SM_Generic_Small_Rocks_04.prefab using Guid(097c26aede8f73e41a32d546bd00e97f) Importer(815301076,1909f56bfc062723c751e8b465ee728b)  -> (artifact id: 'ad92c88995999b5b73531c3a5476bbb1') in 0.305589 seconds
  Import took 0.308101 seconds .

========================================================================
Received Import Request.
  Time since last request: 0.000591 seconds.
  path: Assets/Externa lAssets/PolygonStarter/Prefabs/SM_PolygonPrototype_Buildings_Ramp_45_1x1_01P.prefab
  artifactKey: Guid(fc6f3424666dfda45bcbadbbf42e5968) Importer(815301076,1909f56bfc062723c751e8b465ee728b)
Start importing Assets/Externa lAssets/PolygonStarter/Prefabs/SM_PolygonPrototype_Buildings_Ramp_45_1x1_01P.prefab using Guid(fc6f3424666dfda45bcbadbbf42e5968) Importer(815301076,1909f56bfc062723c751e8b465ee728b)  -> (artifact id: 'fd2ab8ab1e0f1188635050ad0f1503a2') in 0.343714 seconds
  Import took 0.346869 seconds .

========================================================================
Received Import Request.
  Time since last request: 0.000324 seconds.
  path: Assets/Externa lAssets/PolygonStarter/Prefabs/SM_PolygonPrototype_Prop_Ladder_1x2_01P.prefab
  artifactKey: Guid(807bf6650795ad04395313d04ebe88c5) Importer(815301076,1909f56bfc062723c751e8b465ee728b)
Start importing Assets/Externa lAssets/PolygonStarter/Prefabs/SM_PolygonPrototype_Prop_Ladder_1x2_01P.prefab using Guid(807bf6650795ad04395313d04ebe88c5) Importer(815301076,1909f56bfc062723c751e8b465ee728b)  -> (artifact id: 'd4a29ab70df47397d17c8eba8afad1f1') in 0.451996 seconds
  Import took 0.455412 seconds .

========================================================================
Received Import Request.
  Time since last request: 0.000317 seconds.
  path: Assets/Externa lAssets/PolygonStarter/Prefabs/SM_PolygonPrototype_Prop_Sword_01.prefab
  artifactKey: Guid(1eb47ee7fb4e0224482d77ed61559671) Importer(815301076,1909f56bfc062723c751e8b465ee728b)
Start importing Assets/Externa lAssets/PolygonStarter/Prefabs/SM_PolygonPrototype_Prop_Sword_01.prefab using Guid(1eb47ee7fb4e0224482d77ed61559671) Importer(815301076,1909f56bfc062723c751e8b465ee728b)  -> (artifact id: '6dcc330e02a39848edc141df3f3c325a') in 0.284786 seconds
  Import took 0.288214 seconds .

========================================================================
Received Import Request.
  Time since last request: 0.000403 seconds.
  path: Assets/Externa lAssets/PolygonStarter/Prefabs/SM_Wep_Watergun_02.prefab
  artifactKey: Guid(787a31f2409a3f64c987faeb2a72ab86) Importer(815301076,1909f56bfc062723c751e8b465ee728b)
Start importing Assets/Externa lAssets/PolygonStarter/Prefabs/SM_Wep_Watergun_02.prefab using Guid(787a31f2409a3f64c987faeb2a72ab86) Importer(815301076,1909f56bfc062723c751e8b465ee728b)  -> (artifact id: '89af4d23bfce42c8a6d2aaefdd8ab0ac') in 0.229828 seconds
  Import took 0.233165 seconds .

========================================================================
Received Import Request.
  Time since last request: 0.000395 seconds.
  path: Assets/Externa lAssets/PolygonStarter/Prefabs/SM_PolygonPrototype_Primitive_Tube_01P.prefab
  artifactKey: Guid(6fb840e833a0f2049b655aba4bf98513) Importer(815301076,1909f56bfc062723c751e8b465ee728b)
Start importing Assets/Externa lAssets/PolygonStarter/Prefabs/SM_PolygonPrototype_Primitive_Tube_01P.prefab using Guid(6fb840e833a0f2049b655aba4bf98513) Importer(815301076,1909f56bfc062723c751e8b465ee728b)  -> (artifact id: '91fbb262309cb4ec06ee2a14f557d8d3') in 0.451661 seconds
  Import took 0.454284 seconds .

========================================================================
Received Import Request.
  Time since last request: 0.000395 seconds.
  path: Assets/Externa lAssets/PolygonStarter/Prefabs/SM_Wep_Shield_04.prefab
  artifactKey: Guid(90fb214880065ca44be9cb53bcbd6780) Importer(815301076,1909f56bfc062723c751e8b465ee728b)
Start importing Assets/Externa lAssets/PolygonStarter/Prefabs/SM_Wep_Shield_04.prefab using Guid(90fb214880065ca44be9cb53bcbd6780) Importer(815301076,1909f56bfc062723c751e8b465ee728b)  -> (artifact id: '0d36987ef5eb07efe2cb828a2e8ffddb') in 0.630303 seconds
  Import took 0.633222 seconds .

========================================================================
Received Import Request.
  Time since last request: 0.000399 seconds.
  path: Assets/Externa lAssets/PolygonStarter/Prefabs/SM_PolygonPrototype_Icon_Letter_Question_01.prefab
  artifactKey: Guid(0a38eb871bfa7c646bc59c4f2eeea64b) Importer(815301076,1909f56bfc062723c751e8b465ee728b)
Start importing Assets/Externa lAssets/PolygonStarter/Prefabs/SM_PolygonPrototype_Icon_Letter_Question_01.prefab using Guid(0a38eb871bfa7c646bc59c4f2eeea64b) Importer(815301076,1909f56bfc062723c751e8b465ee728b)  -> (artifact id: '2702177173437fc3839d9894b0993c13') in 0.262934 seconds
  Import took 0.266178 seconds .

========================================================================
Received Import Request.
  Time since last request: 0.000391 seconds.
  path: Assets/Externa lAssets/PolygonStarter/Prefabs/SM_PolygonPrototype_Buildings_Stairs_1x1_01P.prefab
  artifactKey: Guid(f675c07d915406144ae3100b985c0abc) Importer(815301076,1909f56bfc062723c751e8b465ee728b)
Start importing Assets/Externa lAssets/PolygonStarter/Prefabs/SM_PolygonPrototype_Buildings_Stairs_1x1_01P.prefab using Guid(f675c07d915406144ae3100b985c0abc) Importer(815301076,1909f56bfc062723c751e8b465ee728b)  -> (artifact id: 'c73f5b7da2c4180efac52abec3440cf1') in 0.474699 seconds
  Import took 0.477309 seconds .

========================================================================
Received Import Request.
  Time since last request: 0.000394 seconds.
  path: Assets/Externa lAssets/PolygonStarter/Prefabs/SM_Generic_TreeDead_01.prefab
  artifactKey: Guid(e30b3aeaaf8ec804198090a10eca14d8) Importer(815301076,1909f56bfc062723c751e8b465ee728b)
Start importing Assets/Externa lAssets/PolygonStarter/Prefabs/SM_Generic_TreeDead_01.prefab using Guid(e30b3aeaaf8ec804198090a10eca14d8) Importer(815301076,1909f56bfc062723c751e8b465ee728b)  -> (artifact id: '9a0c3ea68c5a3a35663f976f8e7819be') in 0.396482 seconds
  Import took 0.399116 seconds .

========================================================================
Received Import Request.
  Time since last request: 0.000514 seconds.
  path: Assets/Externa lAssets/PolygonStarter/Prefabs/SM_PolygonPrototype_Buildings_Floor_5x5_01P.prefab
  artifactKey: Guid(9672218ecb324c240ae58e7a390701f2) Importer(815301076,1909f56bfc062723c751e8b465ee728b)
Start importing Assets/Externa lAssets/PolygonStarter/Prefabs/SM_PolygonPrototype_Buildings_Floor_5x5_01P.prefab using Guid(9672218ecb324c240ae58e7a390701f2) Importer(815301076,1909f56bfc062723c751e8b465ee728b)  -> (artifact id: 'e099a5f916a049102dccc35e160270fb') in 0.263694 seconds
  Import took 0.266654 seconds .

========================================================================
Received Import Request.
  Time since last request: 0.000393 seconds.
  path: Assets/Externa lAssets/PolygonStarter/Prefabs/SM_Generic_Small_Rocks_02.prefab
  artifactKey: Guid(a76742b3f592d834ca1e03ad08301998) Importer(815301076,1909f56bfc062723c751e8b465ee728b)
Start importing Assets/Externa lAssets/PolygonStarter/Prefabs/SM_Generic_Small_Rocks_02.prefab using Guid(a76742b3f592d834ca1e03ad08301998) Importer(815301076,1909f56bfc062723c751e8b465ee728b)  -> (artifact id: '0cb1d91aab3d9326ccb90fb4f9ca02d2') in 0.263113 seconds
  Import took 0.266098 seconds .

========================================================================
Received Import Request.
  Time since last request: 0.000401 seconds.
  path: Assets/Externa lAssets/PolygonStarter/Prefabs/SM_Generic_Mountains_Soft_01.prefab
  artifactKey: Guid(a114301c17a8f9d4e87a828e20f894a2) Importer(815301076,1909f56bfc062723c751e8b465ee728b)
Start importing Assets/Externa lAssets/PolygonStarter/Prefabs/SM_Generic_Mountains_Soft_01.prefab using Guid(a114301c17a8f9d4e87a828e20f894a2) Importer(815301076,1909f56bfc062723c751e8b465ee728b)  -> (artifact id: '3b136f37747655dadac1b71f3a773e01') in 0.563076 seconds
  Import took 0.565853 seconds .

========================================================================
Received Import Request.
  Time since last request: 0.000383 seconds.
  path: Assets/Externa lAssets/PolygonStarter/Prefabs/SM_Wep_WaterPistol_01.prefab
  artifactKey: Guid(c6865c562fd3f2841a92dc0cbbd6b4b4) Importer(815301076,1909f56bfc062723c751e8b465ee728b)
Start importing Assets/Externa lAssets/PolygonStarter/Prefabs/SM_Wep_WaterPistol_01.prefab using Guid(c6865c562fd3f2841a92dc0cbbd6b4b4) Importer(815301076,1909f56bfc062723c751e8b465ee728b)  -> (artifact id: 'd4029b00a4919fa7f17a6ede474bc345') in 0.529775 seconds
  Import took 0.532403 seconds .

========================================================================
Received Import Request.
  Time since last request: 0.000413 seconds.
  path: Assets/Externa lAssets/PolygonStarter/Prefabs/SM_Bld_Door_01.prefab
  artifactKey: Guid(6d34f074083a0dc4d9798f703bad35de) Importer(815301076,1909f56bfc062723c751e8b465ee728b)
Start importing Assets/Externa lAssets/PolygonStarter/Prefabs/SM_Bld_Door_01.prefab using Guid(6d34f074083a0dc4d9798f703bad35de) Importer(815301076,1909f56bfc062723c751e8b465ee728b)  -> (artifact id: '45d2199a39cb8ab17a9fa66f7194ffe0') in 0.241617 seconds
  Import took 0.244679 seconds .

========================================================================
Received Import Request.
  Time since last request: 41.355723 seconds.
  path: Assets/Externa lAssets/Standard Assets
  artifactKey: Guid(c6195a43a0187a34e9c6be23520d3766) Importer(815301076,1909f56bfc062723c751e8b465ee728b)
Start importing Assets/Externa lAssets/Standard Assets using Guid(c6195a43a0187a34e9c6be23520d3766) Importer(815301076,1909f56bfc062723c751e8b465ee728b)  -> (artifact id: '48d46487ee7f346be8d85d28626f4640') in 0.129197 seconds
  Import took 0.132654 seconds .

========================================================================
Received Import Request.
  Time since last request: 2.028306 seconds.
  path: Assets/Externa lAssets/Standard Assets/Characters
  artifactKey: Guid(8c32f58513a41ef4dab9cb7704c5fb92) Importer(815301076,1909f56bfc062723c751e8b465ee728b)
Start importing Assets/Externa lAssets/Standard Assets/Characters using Guid(8c32f58513a41ef4dab9cb7704c5fb92) Importer(815301076,1909f56bfc062723c751e8b465ee728b)  -> (artifact id: '9c5e12ce6e2962a474b7c66cbebf5040') in 0.123940 seconds
  Import took 0.127666 seconds .

========================================================================
Received Import Request.
  Time since last request: 2.288957 seconds.
  path: Assets/Externa lAssets/Standard Assets/Characters/ThirdPersonCharacter
  artifactKey: Guid(8912f13e18e67bc478684ec30d73bc64) Importer(815301076,1909f56bfc062723c751e8b465ee728b)
Start importing Assets/Externa lAssets/Standard Assets/Characters/ThirdPersonCharacter using Guid(8912f13e18e67bc478684ec30d73bc64) Importer(815301076,1909f56bfc062723c751e8b465ee728b)  -> (artifact id: '5e834501768ed63924226ffb1e057ab6') in 0.151644 seconds
  Import took 0.154948 seconds .

========================================================================
Received Import Request.
  Time since last request: 1.935363 seconds.
  path: Assets/Externa lAssets/Standard Assets/Characters/ThirdPersonCharacter/Prefabs
  artifactKey: Guid(e09f07f9be24b2d4180a74a671348b5b) Importer(815301076,1909f56bfc062723c751e8b465ee728b)
Start importing Assets/Externa lAssets/Standard Assets/Characters/ThirdPersonCharacter/Prefabs using Guid(e09f07f9be24b2d4180a74a671348b5b) Importer(815301076,1909f56bfc062723c751e8b465ee728b)  -> (artifact id: '83b2a52d803e6e4b5bcb0f97479e11f6') in 0.227984 seconds
  Import took 0.230573 seconds .

========================================================================
Received Import Request.
  Time since last request: 0.000674 seconds.
  path: Assets/Externa lAssets/Standard Assets/Characters/ThirdPersonCharacter/Prefabs/ThirdPersonController.prefab
  artifactKey: Guid(7737647c22c1fc64a88d5cd030c352ce) Importer(815301076,1909f56bfc062723c751e8b465ee728b)
Start importing Assets/Externa lAssets/Standard Assets/Characters/ThirdPersonCharacter/Prefabs/ThirdPersonController.prefab using Guid(7737647c22c1fc64a88d5cd030c352ce) Importer(815301076,1909f56bfc062723c751e8b465ee728b)  -> (artifact id: '567aa0e88bd2437d4934d7395eacd91a') in 0.730230 seconds
  Import took 0.735387 seconds .

========================================================================
Received Import Request.
  Time since last request: 0.000419 seconds.
  path: Assets/Externa lAssets/Standard Assets/Characters/ThirdPersonCharacter/Prefabs/AIThirdPersonController.prefab
  artifactKey: Guid(54eb5844754051b40a918a84c33b7c1a) Importer(815301076,1909f56bfc062723c751e8b465ee728b)
Start importing Assets/Externa lAssets/Standard Assets/Characters/ThirdPersonCharacter/Prefabs/AIThirdPersonController.prefab using Guid(54eb5844754051b40a918a84c33b7c1a) Importer(815301076,1909f56bfc062723c751e8b465ee728b)  -> (artifact id: '0c586966e8266acd78410e283437ec7a') in 0.238466 seconds
  Import took 0.243778 seconds .

========================================================================
Received Import Request.
  Time since last request: 64.073067 seconds.
  path: Assets/Externa lAssets/Standard Assets/Cameras
  artifactKey: Guid(604bd9e7358cf48c0969f5b515a8c51c) Importer(815301076,1909f56bfc062723c751e8b465ee728b)
Start importing Assets/Externa lAssets/Standard Assets/Cameras using Guid(604bd9e7358cf48c0969f5b515a8c51c) Importer(815301076,1909f56bfc062723c751e8b465ee728b)  -> (artifact id: 'fedcfd6a95f655b2810687272df00d9a') in 0.477822 seconds
  Import took 0.480811 seconds .

========================================================================
Received Import Request.
  Time since last request: 0.495460 seconds.
  path: Assets/Externa lAssets/Standard Assets/Cameras/Prefabs
  artifactKey: Guid(a869b219648fd6c47a3c134f3520ccff) Importer(815301076,1909f56bfc062723c751e8b465ee728b)
Start importing Assets/Externa lAssets/Standard Assets/Cameras/Prefabs using Guid(a869b219648fd6c47a3c134f3520ccff) Importer(815301076,1909f56bfc062723c751e8b465ee728b)  -> (artifact id: '806ed5455b52d7bc9c9171e6739a8b61') in 0.123241 seconds
  Import took 0.126593 seconds .

========================================================================
Received Import Request.
  Time since last request: 0.000456 seconds.
  path: Assets/Externa lAssets/Standard Assets/Cameras/Prefabs/FreeLookCameraRig.prefab
  artifactKey: Guid(49a0e923d39ec3c4c8bb97699e2f2903) Importer(815301076,1909f56bfc062723c751e8b465ee728b)
Start importing Assets/Externa lAssets/Standard Assets/Cameras/Prefabs/FreeLookCameraRig.prefab using Guid(49a0e923d39ec3c4c8bb97699e2f2903) Importer(815301076,1909f56bfc062723c751e8b465ee728b)  -> (artifact id: 'c87fae6b9c8e70c8864bde252be6fb89') in 0.107965 seconds
  Import took 0.110944 seconds .

========================================================================
Received Import Request.
  Time since last request: 0.000407 seconds.
  path: Assets/Externa lAssets/Standard Assets/Cameras/Prefabs/HandheldCamera.prefab
  artifactKey: Guid(a5be31db3f71b0642af74fe491b4bc89) Importer(815301076,1909f56bfc062723c751e8b465ee728b)
Start importing Assets/Externa lAssets/Standard Assets/Cameras/Prefabs/HandheldCamera.prefab using Guid(a5be31db3f71b0642af74fe491b4bc89) Importer(815301076,1909f56bfc062723c751e8b465ee728b)  -> (artifact id: '17aa8756d2310218d4eff86d02495b73') in 0.107350 seconds
  Import took 0.110423 seconds .

========================================================================
Received Import Request.
  Time since last request: 0.000417 seconds.
  path: Assets/Externa lAssets/Standard Assets/Cameras/Prefabs/MultipurposeCameraRig.prefab
  artifactKey: Guid(baec086904791744185aaa07a6cf55c2) Importer(815301076,1909f56bfc062723c751e8b465ee728b)
Start importing Assets/Externa lAssets/Standard Assets/Cameras/Prefabs/MultipurposeCameraRig.prefab using Guid(baec086904791744185aaa07a6cf55c2) Importer(815301076,1909f56bfc062723c751e8b465ee728b)  -> (artifact id: 'c614a0e5c4fa845260ca5bee0e46cc37') in 0.107459 seconds
  Import took 0.110085 seconds .

========================================================================
Received Import Request.
  Time since last request: 0.000404 seconds.
  path: Assets/Externa lAssets/Standard Assets/Cameras/Prefabs/CctvCamera.prefab
  artifactKey: Guid(851d11542d51c464e89acf6875599172) Importer(815301076,1909f56bfc062723c751e8b465ee728b)
Start importing Assets/Externa lAssets/Standard Assets/Cameras/Prefabs/CctvCamera.prefab using Guid(851d11542d51c464e89acf6875599172) Importer(815301076,1909f56bfc062723c751e8b465ee728b)  -> (artifact id: '4edf71dced9a121fb34087a79538d0b3') in 0.107635 seconds
  Import took 0.110467 seconds .

========================================================================
Received Import Request.
  Time since last request: 215.568713 seconds.
  path: Assets/Externa lAssets/PolygonStarter/Textures/Polygon_Plane_Texture_01.png
  artifactKey: Guid(a969091ee1740c3469cc70c44c3caa60) Importer(815301076,1909f56bfc062723c751e8b465ee728b)
Start importing Assets/Externa lAssets/PolygonStarter/Textures/Polygon_Plane_Texture_01.png using Guid(a969091ee1740c3469cc70c44c3caa60) Importer(815301076,1909f56bfc062723c751e8b465ee728b)  -> (artifact id: 'acd91701cb7b558b0faf9fada8f3679b') in 0.597050 seconds
  Import took 0.599779 seconds .

========================================================================
Received Import Request.
  Time since last request: 0.000415 seconds.
  path: Assets/Externa lAssets/PolygonStarter/Textures/PolygonStarter_Texture_01.png
  artifactKey: Guid(6cf54faba48b51c45af7d22ca798531f) Importer(815301076,1909f56bfc062723c751e8b465ee728b)
Start importing Assets/Externa lAssets/PolygonStarter/Textures/PolygonStarter_Texture_01.png using Guid(6cf54faba48b51c45af7d22ca798531f) Importer(815301076,1909f56bfc062723c751e8b465ee728b)  -> (artifact id: '8b78bd3983575a808752e146fc3d3370') in 0.163538 seconds
  Import took 0.165849 seconds .

========================================================================
Received Import Request.
  Time since last request: 0.000394 seconds.
  path: Assets/Externa lAssets/PolygonStarter/Textures/PolygonStarter_Texture_02.png
  artifactKey: Guid(1ef3316ad51610e4ea3782e70ea9be4a) Importer(815301076,1909f56bfc062723c751e8b465ee728b)
Start importing Assets/Externa lAssets/PolygonStarter/Textures/PolygonStarter_Texture_02.png using Guid(1ef3316ad51610e4ea3782e70ea9be4a) Importer(815301076,1909f56bfc062723c751e8b465ee728b)  -> (artifact id: '8c706cb019f76f40219789ad810aa185') in 0.141516 seconds
  Import took 0.144299 seconds .

========================================================================
Received Import Request.
  Time since last request: 0.000452 seconds.
  path: Assets/Externa lAssets/PolygonStarter/Textures/Polygon_Plane_Texture_04.png
  artifactKey: Guid(3c88dab59f29ae7439e1be3c8742bd88) Importer(815301076,1909f56bfc062723c751e8b465ee728b)
Start importing Assets/Externa lAssets/PolygonStarter/Textures/Polygon_Plane_Texture_04.png using Guid(3c88dab59f29ae7439e1be3c8742bd88) Importer(815301076,1909f56bfc062723c751e8b465ee728b)  -> (artifact id: '3be71f1c65ca7c8e964f62f64d35b926') in 0.163259 seconds
  Import took 0.165828 seconds .

========================================================================
Received Import Request.
  Time since last request: 0.000695 seconds.
  path: Assets/Externa lAssets/PolygonStarter/Textures/Polygon_Plane_Texture_02.png
  artifactKey: Guid(addc2d43f6566e24d8bd5924661c6c7d) Importer(815301076,1909f56bfc062723c751e8b465ee728b)
Start importing Assets/Externa lAssets/PolygonStarter/Textures/Polygon_Plane_Texture_02.png using Guid(addc2d43f6566e24d8bd5924661c6c7d) Importer(815301076,1909f56bfc062723c751e8b465ee728b)  -> (artifact id: 'addf6c51ddccb73cb1951764e93bcc35') in 0.174472 seconds
  Import took 0.177800 seconds .

========================================================================
Received Import Request.
  Time since last request: 0.000560 seconds.
  path: Assets/Externa lAssets/PolygonStarter/Materials/PolygonStarter_Mat_01.mat
  artifactKey: Guid(dd41db2cdb4e66e4985303e1287ab101) Importer(815301076,1909f56bfc062723c751e8b465ee728b)
Start importing Assets/Externa lAssets/PolygonStarter/Materials/PolygonStarter_Mat_01.mat using Guid(dd41db2cdb4e66e4985303e1287ab101) Importer(815301076,1909f56bfc062723c751e8b465ee728b)  -> (artifact id: '769b76324e05cc44237684fccbfb6a2d') in 0.217651 seconds
  Import took 0.221226 seconds .

========================================================================
Received Import Request.
  Time since last request: 0.000322 seconds.
  path: Assets/Externa lAssets/PolygonStarter/Textures/PolygonStarter_Texture_03.png
  artifactKey: Guid(eac0676553323674aa7d6e8e4d94dec1) Importer(815301076,1909f56bfc062723c751e8b465ee728b)
Start importing Assets/Externa lAssets/PolygonStarter/Textures/PolygonStarter_Texture_03.png using Guid(eac0676553323674aa7d6e8e4d94dec1) Importer(815301076,1909f56bfc062723c751e8b465ee728b)  -> (artifact id: 'beb696c870b1f440680857aa949cdb73') in 0.162842 seconds
  Import took 0.165356 seconds .

========================================================================
Received Import Request.
  Time since last request: 0.000397 seconds.
  path: Assets/Externa lAssets/PolygonStarter/Materials/PolygonStarter_Mat_02.mat
  artifactKey: Guid(2d9674097da42b2448220c5e2805bb27) Importer(815301076,1909f56bfc062723c751e8b465ee728b)
Start importing Assets/Externa lAssets/PolygonStarter/Materials/PolygonStarter_Mat_02.mat using Guid(2d9674097da42b2448220c5e2805bb27) Importer(815301076,1909f56bfc062723c751e8b465ee728b)  -> (artifact id: '55ebe63071fc7633b148b611571168ef') in 0.219955 seconds
  Import took 0.222750 seconds .

========================================================================
Received Import Request.
  Time since last request: 0.000357 seconds.
  path: Assets/Externa lAssets/PolygonStarter/Materials/PolygonStarter_Mat_03.mat
  artifactKey: Guid(c6a5181c39f2ce4408030b9c2d1b47e2) Importer(815301076,1909f56bfc062723c751e8b465ee728b)
Start importing Assets/Externa lAssets/PolygonStarter/Materials/PolygonStarter_Mat_03.mat using Guid(c6a5181c39f2ce4408030b9c2d1b47e2) Importer(815301076,1909f56bfc062723c751e8b465ee728b)  -> (artifact id: 'e76eb7c334799ebfbaa78ce3540c5351') in 0.240360 seconds
  Import took 0.243693 seconds .

========================================================================
Received Import Request.
  Time since last request: 0.000396 seconds.
  path: Assets/Externa lAssets/PolygonStarter/Materials/PolygonStarter_Mat_04.mat
  artifactKey: Guid(382781f3eb846ba4992cfb4e635c76ed) Importer(815301076,1909f56bfc062723c751e8b465ee728b)
Start importing Assets/Externa lAssets/PolygonStarter/Materials/PolygonStarter_Mat_04.mat using Guid(382781f3eb846ba4992cfb4e635c76ed) Importer(815301076,1909f56bfc062723c751e8b465ee728b)  -> (artifact id: 'd0c5ced885e29e79b120b6a2e41963ff') in 0.218495 seconds
  Import took 0.221610 seconds .

========================================================================
Received Import Request.
  Time since last request: 0.000398 seconds.
  path: Assets/Externa lAssets/PolygonStarter/Textures/Polygon_Plane_Texture_03.png
  artifactKey: Guid(ab16207b9b940c14687cad2ecf62259f) Importer(815301076,1909f56bfc062723c751e8b465ee728b)
Start importing Assets/Externa lAssets/PolygonStarter/Textures/Polygon_Plane_Texture_03.png using Guid(ab16207b9b940c14687cad2ecf62259f) Importer(815301076,1909f56bfc062723c751e8b465ee728b)  -> (artifact id: '7005c1cb49714be709724c340ece41b6') in 0.218634 seconds
  Import took 0.220910 seconds .

========================================================================
Received Import Request.
  Time since last request: 0.000396 seconds.
  path: Assets/Externa lAssets/PolygonStarter/Textures/Simple_Sky_Texture_01.png
  artifactKey: Guid(a073e30cf8f3cab47b5cf5aa2df423f3) Importer(815301076,1909f56bfc062723c751e8b465ee728b)
Start importing Assets/Externa lAssets/PolygonStarter/Textures/Simple_Sky_Texture_01.png using Guid(a073e30cf8f3cab47b5cf5aa2df423f3) Importer(815301076,1909f56bfc062723c751e8b465ee728b)  -> (artifact id: 'a133eac38133f67b8748103ad1c87673') in 0.252466 seconds
  Import took 0.256072 seconds .

========================================================================
Received Import Request.
  Time since last request: 0.000356 seconds.
  path: Assets/Externa lAssets/PolygonStarter/Textures/PolygonStarter_Texture_04.png
  artifactKey: Guid(051364296435f87449810911a2f9c4e8) Importer(815301076,1909f56bfc062723c751e8b465ee728b)
Start importing Assets/Externa lAssets/PolygonStarter/Textures/PolygonStarter_Texture_04.png using Guid(051364296435f87449810911a2f9c4e8) Importer(815301076,1909f56bfc062723c751e8b465ee728b)  -> (artifact id: 'c0e6197073e6376e035f0c685d602448') in 0.162409 seconds
  Import took 0.164973 seconds .

========================================================================
Received Import Request.
  Time since last request: 12.113689 seconds.
  path: Assets/Externa lAssets/Standard Assets/Prototyping
  artifactKey: Guid(153c77e0022ff3148beba89b18de3476) Importer(815301076,1909f56bfc062723c751e8b465ee728b)
Start importing Assets/Externa lAssets/Standard Assets/Prototyping using Guid(153c77e0022ff3148beba89b18de3476) Importer(815301076,1909f56bfc062723c751e8b465ee728b)  -> (artifact id: '12355b0b95f6648d9a19975dbae8104f') in 0.183655 seconds
  Import took 0.186351 seconds .

========================================================================
Received Import Request.
  Time since last request: 1.141555 seconds.
  path: Assets/Externa lAssets/Standard Assets/Prototyping/Prefabs
  artifactKey: Guid(b7fd744af0c01c94c9c84cc342423458) Importer(815301076,1909f56bfc062723c751e8b465ee728b)
Start importing Assets/Externa lAssets/Standard Assets/Prototyping/Prefabs using Guid(b7fd744af0c01c94c9c84cc342423458) Importer(815301076,1909f56bfc062723c751e8b465ee728b)  -> (artifact id: '5a2f81738afda53d5ac395492d65a805') in 0.144466 seconds
  Import took 0.147623 seconds .

========================================================================
Received Import Request.
  Time since last request: 0.000425 seconds.
  path: Assets/Externa lAssets/Standard Assets/Prototyping/Prefabs/FloorPrototype64x01x64.prefab
  artifactKey: Guid(3681543e5b0f59742b73073cb379cdc6) Importer(815301076,1909f56bfc062723c751e8b465ee728b)
Start importing Assets/Externa lAssets/Standard Assets/Prototyping/Prefabs/FloorPrototype64x01x64.prefab using Guid(3681543e5b0f59742b73073cb379cdc6) Importer(815301076,1909f56bfc062723c751e8b465ee728b)  -> (artifact id: '89c6fdc18562bb02b5b83454b821a192') in 0.507019 seconds
  Import took 0.510643 seconds .

========================================================================
Received Import Request.
  Time since last request: 0.000523 seconds.
  path: Assets/Externa lAssets/Standard Assets/Prototyping/Prefabs/RampPrototype04x02x02.prefab
  artifactKey: Guid(4e11ef4f39bc65e44a4b0755ecac6ea1) Importer(815301076,1909f56bfc062723c751e8b465ee728b)
Start importing Assets/Externa lAssets/Standard Assets/Prototyping/Prefabs/RampPrototype04x02x02.prefab using Guid(4e11ef4f39bc65e44a4b0755ecac6ea1) Importer(815301076,1909f56bfc062723c751e8b465ee728b)  -> (artifact id: 'a211b0b39824b5e480a35b183a120c03') in 0.373925 seconds
  Import took 0.376899 seconds .

========================================================================
Received Import Request.
  Time since last request: 0.000412 seconds.
  path: Assets/Externa lAssets/Standard Assets/Prototyping/Prefabs/CubePrototype02x02x02.prefab
  artifactKey: Guid(2b127815fd0f2074eae3a0c6a4786d0b) Importer(815301076,1909f56bfc062723c751e8b465ee728b)
Start importing Assets/Externa lAssets/Standard Assets/Prototyping/Prefabs/CubePrototype02x02x02.prefab using Guid(2b127815fd0f2074eae3a0c6a4786d0b) Importer(815301076,1909f56bfc062723c751e8b465ee728b)  -> (artifact id: 'e7140b8e45ac3ecbd50972660f22857f') in 0.207815 seconds
  Import took 0.210860 seconds .

========================================================================
Received Import Request.
  Time since last request: 0.000321 seconds.
  path: Assets/Externa lAssets/Standard Assets/Prototyping/Prefabs/PlatformPrototype04x01x04.prefab
  artifactKey: Guid(831c1389ceffed84d947c9aa3fc86ac2) Importer(815301076,1909f56bfc062723c751e8b465ee728b)
Start importing Assets/Externa lAssets/Standard Assets/Prototyping/Prefabs/PlatformPrototype04x01x04.prefab using Guid(831c1389ceffed84d947c9aa3fc86ac2) Importer(815301076,1909f56bfc062723c751e8b465ee728b)  -> (artifact id: '64cb52a7ee0ed31dc65b251320d5bec5') in 0.229595 seconds
  Import took 0.232850 seconds .

========================================================================
Received Import Request.
  Time since last request: 0.000396 seconds.
  path: Assets/Externa lAssets/Standard Assets/Prototyping/Prefabs/PlatformPrototype02x01x02.prefab
  artifactKey: Guid(45635d5190a12bc4884469b7dcafa846) Importer(815301076,1909f56bfc062723c751e8b465ee728b)
Start importing Assets/Externa lAssets/Standard Assets/Prototyping/Prefabs/PlatformPrototype02x01x02.prefab using Guid(45635d5190a12bc4884469b7dcafa846) Importer(815301076,1909f56bfc062723c751e8b465ee728b)  -> (artifact id: '89d3d0e7b8cf37e9e8d5c50405503126') in 0.173506 seconds
  Import took 0.176700 seconds .

========================================================================
Received Import Request.
  Time since last request: 0.000602 seconds.
  path: Assets/Externa lAssets/Standard Assets/Prototyping/Prefabs/CubePrototype08x08x08.prefab
  artifactKey: Guid(90d8e09703679534295bd2cacb73d6de) Importer(815301076,1909f56bfc062723c751e8b465ee728b)
Start importing Assets/Externa lAssets/Standard Assets/Prototyping/Prefabs/CubePrototype08x08x08.prefab using Guid(90d8e09703679534295bd2cacb73d6de) Importer(815301076,1909f56bfc062723c751e8b465ee728b)  -> (artifact id: '01166c288a0ff35b08b7a8d512b0b7c1') in 0.163654 seconds
  Import took 0.166487 seconds .

========================================================================
Received Import Request.
  Time since last request: 0.000396 seconds.
  path: Assets/Externa lAssets/Standard Assets/Prototyping/Prefabs/FloorPrototype08x01x08.prefab
  artifactKey: Guid(584a8ef4749c89745b7ae07f3ba7617f) Importer(815301076,1909f56bfc062723c751e8b465ee728b)
Start importing Assets/Externa lAssets/Standard Assets/Prototyping/Prefabs/FloorPrototype08x01x08.prefab using Guid(584a8ef4749c89745b7ae07f3ba7617f) Importer(815301076,1909f56bfc062723c751e8b465ee728b)  -> (artifact id: 'a5849de8ec5acec06598bea13d0fb863') in 0.141497 seconds
  Import took 0.144776 seconds .

========================================================================
Received Import Request.
  Time since last request: 0.000376 seconds.
  path: Assets/Externa lAssets/Standard Assets/Prototyping/Prefabs/CubePrototype04x04x04.prefab
  artifactKey: Guid(5d2e4237b4429b34fae4c9eb3cd9efd5) Importer(815301076,1909f56bfc062723c751e8b465ee728b)
Start importing Assets/Externa lAssets/Standard Assets/Prototyping/Prefabs/CubePrototype04x04x04.prefab using Guid(5d2e4237b4429b34fae4c9eb3cd9efd5) Importer(815301076,1909f56bfc062723c751e8b465ee728b)  -> (artifact id: '09280eaa30e213642ec95c89148abfe2') in 0.162460 seconds
  Import took 0.165598 seconds .

========================================================================
Received Import Request.
  Time since last request: 0.000396 seconds.
  path: Assets/Externa lAssets/Standard Assets/Prototyping/Prefabs/WallPrototype08x08x01.prefab
  artifactKey: Guid(93e86b57e56570d46814839867bf9a52) Importer(815301076,1909f56bfc062723c751e8b465ee728b)
Start importing Assets/Externa lAssets/Standard Assets/Prototyping/Prefabs/WallPrototype08x08x01.prefab using Guid(93e86b57e56570d46814839867bf9a52) Importer(815301076,1909f56bfc062723c751e8b465ee728b)  -> (artifact id: '9d0e5a14ab7abc3e8100bf2a3baa8021') in 0.162822 seconds
  Import took 0.165804 seconds .

========================================================================
Received Import Request.
  Time since last request: 0.000399 seconds.
  path: Assets/Externa lAssets/Standard Assets/Prototyping/Prefabs/PillarPrototype01x02x01.prefab
  artifactKey: Guid(88b5bfec6f1bd17439b2f4339902dca6) Importer(815301076,1909f56bfc062723c751e8b465ee728b)
Start importing Assets/Externa lAssets/Standard Assets/Prototyping/Prefabs/PillarPrototype01x02x01.prefab using Guid(88b5bfec6f1bd17439b2f4339902dca6) Importer(815301076,1909f56bfc062723c751e8b465ee728b)  -> (artifact id: 'aaa98fc1ead3e34e81ade51acdd38aac') in 0.185739 seconds
  Import took 0.188354 seconds .

========================================================================
Received Import Request.
  Time since last request: 0.000331 seconds.
  path: Assets/Externa lAssets/Standard Assets/Prototyping/Prefabs/JoinOuterPrototype02x06x02.prefab
  artifactKey: Guid(b321aed21e0872743a175d8dbbe12ac8) Importer(815301076,1909f56bfc062723c751e8b465ee728b)
Start importing Assets/Externa lAssets/Standard Assets/Prototyping/Prefabs/JoinOuterPrototype02x06x02.prefab using Guid(b321aed21e0872743a175d8dbbe12ac8) Importer(815301076,1909f56bfc062723c751e8b465ee728b)  -> (artifact id: '5c0a9094d472c9a945a8a718f9bceda1') in 0.173986 seconds
  Import took 0.176848 seconds .

========================================================================
Received Import Request.
  Time since last request: 0.000481 seconds.
  path: Assets/Externa lAssets/Standard Assets/Prototyping/Prefabs/PillarPrototype02x08x02.prefab
  artifactKey: Guid(44884af1ac1d64d42902da40268ba120) Importer(815301076,1909f56bfc062723c751e8b465ee728b)
Start importing Assets/Externa lAssets/Standard Assets/Prototyping/Prefabs/PillarPrototype02x08x02.prefab using Guid(44884af1ac1d64d42902da40268ba120) Importer(815301076,1909f56bfc062723c751e8b465ee728b)  -> (artifact id: '83c7cd643866680fe2d71a30e2954fbb') in 0.241558 seconds
  Import took 0.244947 seconds .

========================================================================
Received Import Request.
  Time since last request: 0.000405 seconds.
  path: Assets/Externa lAssets/Standard Assets/Prototyping/Prefabs/PickupPrototype.prefab
  artifactKey: Guid(c02747e7134ef1948a039c94a8f33c5b) Importer(815301076,1909f56bfc062723c751e8b465ee728b)
Start importing Assets/Externa lAssets/Standard Assets/Prototyping/Prefabs/PickupPrototype.prefab using Guid(c02747e7134ef1948a039c94a8f33c5b) Importer(815301076,1909f56bfc062723c751e8b465ee728b)  -> (artifact id: 'a75ebc9dc1217107572a8b20a46c5ece') in 0.207091 seconds
  Import took 0.209727 seconds .

========================================================================
Received Import Request.
  Time since last request: 0.000398 seconds.
  path: Assets/Externa lAssets/Standard Assets/Prototyping/Prefabs/StepsPrototype04x02x02.prefab
  artifactKey: Guid(d85d3a32fb6157d488e31edf82b7b1c4) Importer(815301076,1909f56bfc062723c751e8b465ee728b)
Start importing Assets/Externa lAssets/Standard Assets/Prototyping/Prefabs/StepsPrototype04x02x02.prefab using Guid(d85d3a32fb6157d488e31edf82b7b1c4) Importer(815301076,1909f56bfc062723c751e8b465ee728b)  -> (artifact id: '1f57bb70d834fc38ea27fc709ebe6842') in 0.185614 seconds
  Import took 0.187865 seconds .

========================================================================
Received Import Request.
  Time since last request: 0.000397 seconds.
  path: Assets/Externa lAssets/Standard Assets/Prototyping/Prefabs/JoinInnerPrototype01x06x01.prefab
  artifactKey: Guid(9ae7f9f9eacff4142b21eb85ae606fdc) Importer(815301076,1909f56bfc062723c751e8b465ee728b)
Start importing Assets/Externa lAssets/Standard Assets/Prototyping/Prefabs/JoinInnerPrototype01x06x01.prefab using Guid(9ae7f9f9eacff4142b21eb85ae606fdc) Importer(815301076,1909f56bfc062723c751e8b465ee728b)  -> (artifact id: '86b649bb593ccacf7d1fe9fa8d16008d') in 0.164060 seconds
  Import took 0.167228 seconds .

========================================================================
Received Import Request.
  Time since last request: 0.000534 seconds.
  path: Assets/Externa lAssets/Standard Assets/Prototyping/Prefabs/BlockPrototype04x04x04.prefab
  artifactKey: Guid(ab33e6080ae416b4d899f39fa8951b98) Importer(815301076,1909f56bfc062723c751e8b465ee728b)
Start importing Assets/Externa lAssets/Standard Assets/Prototyping/Prefabs/BlockPrototype04x04x04.prefab using Guid(ab33e6080ae416b4d899f39fa8951b98) Importer(815301076,1909f56bfc062723c751e8b465ee728b)  -> (artifact id: '878b02834e0767f3d73e7d48add254ef') in 0.162611 seconds
  Import took 0.165709 seconds .

========================================================================
Received Import Request.
  Time since last request: 0.000400 seconds.
  path: Assets/Externa lAssets/Standard Assets/Prototyping/Prefabs/FloorPrototype04x01x04.prefab
  artifactKey: Guid(4620f3c93dca8c94c9124d8ba443f43e) Importer(815301076,1909f56bfc062723c751e8b465ee728b)
Start importing Assets/Externa lAssets/Standard Assets/Prototyping/Prefabs/FloorPrototype04x01x04.prefab using Guid(4620f3c93dca8c94c9124d8ba443f43e) Importer(815301076,1909f56bfc062723c751e8b465ee728b)  -> (artifact id: '349eae4e5672a168661f31af98cb20cb') in 0.140702 seconds
  Import took 0.143623 seconds .

========================================================================
Received Import Request.
  Time since last request: 0.000383 seconds.
  path: Assets/Externa lAssets/Standard Assets/Prototyping/Prefabs/HousePrototype16x16x24.prefab
  artifactKey: Guid(5862bbfe91a75054ca72c13b555b6ac5) Importer(815301076,1909f56bfc062723c751e8b465ee728b)
Start importing Assets/Externa lAssets/Standard Assets/Prototyping/Prefabs/HousePrototype16x16x24.prefab using Guid(5862bbfe91a75054ca72c13b555b6ac5) Importer(815301076,1909f56bfc062723c751e8b465ee728b)  -> (artifact id: '2b4101b7870b7bae003bb6d400d02f9b') in 0.196283 seconds
  Import took 0.199415 seconds .

========================================================================
Received Import Request.
  Time since last request: 0.000520 seconds.
  path: Assets/Externa lAssets/Standard Assets/Prototyping/Prefabs/PlatformPrototype08x01x08.prefab
  artifactKey: Guid(7f114e6b62ad5134b9ba4e0a01ddc050) Importer(815301076,1909f56bfc062723c751e8b465ee728b)
Start importing Assets/Externa lAssets/Standard Assets/Prototyping/Prefabs/PlatformPrototype08x01x08.prefab using Guid(7f114e6b62ad5134b9ba4e0a01ddc050) Importer(815301076,1909f56bfc062723c751e8b465ee728b)  -> (artifact id: '4be87c080d218a579c3feb6d633d59c4') in 0.163421 seconds
  Import took 0.167004 seconds .

========================================================================
Received Import Request.
  Time since last request: 0.000395 seconds.
  path: Assets/Externa lAssets/Standard Assets/Prototyping/Prefabs/HousePrototype16x16x24.prefab
  artifactKey: Guid(5862bbfe91a75054ca72c13b555b6ac5) Importer(815301076,1909f56bfc062723c751e8b465ee728b)
Start importing Assets/Externa lAssets/Standard Assets/Prototyping/Prefabs/HousePrototype16x16x24.prefab using Guid(5862bbfe91a75054ca72c13b555b6ac5) Importer(815301076,1909f56bfc062723c751e8b465ee728b)  -> (artifact id: '2b4101b7870b7bae003bb6d400d02f9b') in 0.306654 seconds
  Import took 0.309270 seconds .

========================================================================
Received Import Request.
  Time since last request: 0.000419 seconds.
  path: Assets/Externa lAssets/Standard Assets/Prototyping/Prefabs/JoinMidPrototype04x06x01.prefab
  artifactKey: Guid(04a24b5e91096bd4e8ae6fba35c4dbf8) Importer(815301076,1909f56bfc062723c751e8b465ee728b)
Start importing Assets/Externa lAssets/Standard Assets/Prototyping/Prefabs/JoinMidPrototype04x06x01.prefab using Guid(04a24b5e91096bd4e8ae6fba35c4dbf8) Importer(815301076,1909f56bfc062723c751e8b465ee728b)  -> (artifact id: 'd68277a1ad736aa28e7603289776c05f') in 0.186125 seconds
  Import took 0.189567 seconds .

========================================================================
Received Prepare
Registering precompiled user dll's ...
Registered in 0.000777 seconds.
Begin MonoManager ReloadAssembly
Native extension for WindowsStandalone target not found
Native extension for WebGL target not found
Refreshing native plugins compatible for Editor in 0.33 ms, found 0 plugins.
Preloading 0 native plugins for Editor in 0.00 ms.
Invoked RoslynAnalysisRunner static constructor.
RoslynAnalysisRunner will not be running.
RoslynAnalysisRunner has terminated.
Mono: successfully reloaded assembly
- Completed reload, in  0.669 seconds
Platform modules already initialized, skipping
Refreshing native plugins compatible for Editor in 0.31 ms, found 0 plugins.
Preloading 0 native plugins for Editor in 0.00 ms.
Unloading 1219 Unused Serialized files (Serialized files now loaded: 0)
System memory in use before: 85.9 MB.
System memory in use after: 85.7 MB.

Unloading 8 unused Assets to reduce memory usage. Loaded Objects now: 1743.
Total: 1.836700 ms (FindLiveObjects: 0.160900 ms CreateObjectMapping: 0.030300 ms MarkObjects: 1.371700 ms  DeleteObjects: 0.272400 ms)

AssetImportWorkerClient::OnTransportError - code=2 error=End of file
